#
# There is insufficient memory for the Java Runtime Environment to continue.
# Native memory allocation (mmap) failed to map 65536 bytes. Error detail: Failed to commit metaspace.
# Possible reasons:
#   The system is out of physical RAM or swap space
#   This process is running with CompressedOops enabled, and the Java Heap may be blocking the growth of the native heap
# Possible solutions:
#   Reduce memory load on the system
#   Increase physical memory or swap space
#   Check if swap backing store is full
#   Decrease Java heap size (-Xmx/-Xms)
#   Decrease number of Java threads
#   Decrease Java thread stack sizes (-Xss)
#   Set larger code cache with -XX:ReservedCodeCacheSize=
#   JVM is running with Unscaled Compressed Oops mode in which the Java heap is
#     placed in the first 4GB address space. The Java Heap base address is the
#     maximum limit for the native heap growth. Please use -XX:HeapBaseMinAddress
#     to set the Java Heap base and to place the Java Heap above 4GB virtual address.
# This output file may be truncated or incomplete.
#
#  Out of Memory Error (virtualSpaceNode.cpp:110), pid=24036, tid=23152
#
# JRE version: OpenJDK Runtime Environment Temurin-17.0.11+9 (17.0.11+9) (build 17.0.11+9)
# Java VM: OpenJDK 64-Bit Server VM Temurin-17.0.11+9 (17.0.11+9, mixed mode, tiered, compressed oops, compressed class ptrs, parallel gc, windows-amd64)
# No core dump will be written. Minidumps are not enabled by default on client versions of Windows
#

---------------  S U M M A R Y ------------

Command Line: --add-modules=ALL-SYSTEM --add-opens=java.base/java.util=ALL-UNNAMED --add-opens=java.base/java.lang=ALL-UNNAMED --add-opens=java.base/sun.nio.fs=ALL-UNNAMED -Declipse.application=org.eclipse.jdt.ls.core.id1 -Dosgi.bundles.defaultStartLevel=4 -Declipse.product=org.eclipse.jdt.ls.core.product -Djava.import.generatesMetadataFilesAtProjectRoot=false -DDetectVMInstallationsJob.disabled=true -Dfile.encoding=utf8 -XX:+UseParallelGC -XX:GCTimeRatio=4 -XX:AdaptiveSizePolicyWeight=90 -Dsun.zip.disableMemoryMapping=true -Xmx1G -Xms100m -Xlog:disable -javaagent:c:\Users\NaNaL\.vscode\extensions\redhat.java-1.31.0-win32-x64\lombok\lombok-1.18.32.jar -XX:+HeapDumpOnOutOfMemoryError -XX:HeapDumpPath=c:\Users\NaNaL\AppData\Roaming\Code\User\workspaceStorage\bda62982e6316af875a027c8b09df3ad\redhat.java -Daether.dependencyCollector.impl=bf c:\Users\NaNaL\.vscode\extensions\redhat.java-1.31.0-win32-x64\server\plugins\org.eclipse.equinox.launcher_1.6.800.v20240513-1750.jar -configuration c:\Users\NaNaL\AppData\Roaming\Code\User\globalStorage\redhat.java\1.31.0\config_win -data c:\Users\NaNaL\AppData\Roaming\Code\User\workspaceStorage\bda62982e6316af875a027c8b09df3ad\redhat.java\jdt_ws --pipe=\\.\pipe\lsp-7953f9b68580b21d388f81ec18435d4d-sock

Host: Intel(R) Core(TM) i5-8300H CPU @ 2.30GHz, 8 cores, 23G,  Windows 10 , 64 bit Build 19041 (10.0.19041.3636)
Time: Sun Jun 23 16:05:51 2024 Hora estándar de Tokio elapsed time: 2.841327 seconds (0d 0h 0m 2s)

---------------  T H R E A D  ---------------

Current thread (0x00000239fd5bd800):  JavaThread "C1 CompilerThread0" daemon [_thread_in_vm, id=23152, stack(0x000000bf34000000,0x000000bf34100000)]


Current CompileTask:
C1:   2841 3345 %     3       lombok.launch.PackageShader::apply @ 76 (252 bytes)

Stack: [0x000000bf34000000,0x000000bf34100000]
Native frames: (J=compiled Java code, j=interpreted, Vv=VM code, C=native code)
V  [jvm.dll+0x67d429]
V  [jvm.dll+0x834b7a]
V  [jvm.dll+0x83663e]
V  [jvm.dll+0x836ca3]
V  [jvm.dll+0x247dbf]
V  [jvm.dll+0x83083b]
V  [jvm.dll+0x621d56]
V  [jvm.dll+0x1c1b3e]
V  [jvm.dll+0x6246b1]
V  [jvm.dll+0x6226f6]
V  [jvm.dll+0x633a4a]
V  [jvm.dll+0x62c7ea]
V  [jvm.dll+0x1cdd30]
V  [jvm.dll+0x1cdf20]
V  [jvm.dll+0x1485a1]
V  [jvm.dll+0x1483e5]
V  [jvm.dll+0x13fc18]
V  [jvm.dll+0x1421d5]
V  [jvm.dll+0x1404b4]
V  [jvm.dll+0x13a3ff]
V  [jvm.dll+0x14a046]
V  [jvm.dll+0x135b80]
V  [jvm.dll+0x135ee0]
V  [jvm.dll+0x1361a6]
V  [jvm.dll+0x13563a]
V  [jvm.dll+0x1372f1]
V  [jvm.dll+0x2295cd]
V  [jvm.dll+0x22779c]
V  [jvm.dll+0x7e9d07]
V  [jvm.dll+0x7e410a]
V  [jvm.dll+0x67c315]
C  [ucrtbase.dll+0x21bb2]
C  [KERNEL32.DLL+0x17344]
C  [ntdll.dll+0x4cc91]


---------------  P R O C E S S  ---------------

Threads class SMR info:
_java_thread_list=0x00000239ff8a54a0, length=23, elements={
0x00000239f74a2cd0, 0x00000239f7558ad0, 0x00000239fc33a6d0, 0x00000239f755c000,
0x00000239f755ce80, 0x00000239f755e4a0, 0x00000239fd5b5cc0, 0x00000239fd5bc660,
0x00000239fd5bd800, 0x00000239fd5c2210, 0x00000239fd6eb030, 0x00000239fd799e40,
0x00000239fd8cfe20, 0x00000239fe8a6140, 0x00000239feffb960, 0x00000239fee87360,
0x00000239ff0817c0, 0x00000239ff25bec0, 0x00000239ff547670, 0x00000239ff32f270,
0x00000239ff32cf00, 0x00000239ff32bac0, 0x00000239ff32d410
}

Java Threads: ( => current thread )
  0x00000239f74a2cd0 JavaThread "main" [_thread_blocked, id=18316, stack(0x000000bf33600000,0x000000bf33700000)]
  0x00000239f7558ad0 JavaThread "Reference Handler" daemon [_thread_blocked, id=4724, stack(0x000000bf33900000,0x000000bf33a00000)]
  0x00000239fc33a6d0 JavaThread "Finalizer" daemon [_thread_blocked, id=27744, stack(0x000000bf33a00000,0x000000bf33b00000)]
  0x00000239f755c000 JavaThread "Signal Dispatcher" daemon [_thread_blocked, id=9876, stack(0x000000bf33b00000,0x000000bf33c00000)]
  0x00000239f755ce80 JavaThread "Attach Listener" daemon [_thread_blocked, id=6168, stack(0x000000bf33c00000,0x000000bf33d00000)]
  0x00000239f755e4a0 JavaThread "Service Thread" daemon [_thread_blocked, id=13788, stack(0x000000bf33d00000,0x000000bf33e00000)]
  0x00000239fd5b5cc0 JavaThread "Monitor Deflation Thread" daemon [_thread_blocked, id=21656, stack(0x000000bf33e00000,0x000000bf33f00000)]
  0x00000239fd5bc660 JavaThread "C2 CompilerThread0" daemon [_thread_blocked, id=16904, stack(0x000000bf33f00000,0x000000bf34000000)]
=>0x00000239fd5bd800 JavaThread "C1 CompilerThread0" daemon [_thread_in_vm, id=23152, stack(0x000000bf34000000,0x000000bf34100000)]
  0x00000239fd5c2210 JavaThread "Sweeper thread" daemon [_thread_blocked, id=20976, stack(0x000000bf34100000,0x000000bf34200000)]
  0x00000239fd6eb030 JavaThread "Common-Cleaner" daemon [_thread_blocked, id=10912, stack(0x000000bf34200000,0x000000bf34300000)]
  0x00000239fd799e40 JavaThread "C2 CompilerThread1" daemon [_thread_in_native, id=27776, stack(0x000000bf34300000,0x000000bf34400000)]
  0x00000239fd8cfe20 JavaThread "Notification Thread" daemon [_thread_blocked, id=25212, stack(0x000000bf34400000,0x000000bf34500000)]
  0x00000239fe8a6140 JavaThread "C2 CompilerThread2" daemon [_thread_blocked, id=20372, stack(0x000000bf34600000,0x000000bf34700000)]
  0x00000239feffb960 JavaThread "Active Thread: Equinox Container: bcd45d4a-ae51-40d4-90fe-1e7e94023ad2" [_thread_blocked, id=2032, stack(0x000000bf34d00000,0x000000bf34e00000)]
  0x00000239fee87360 JavaThread "Framework Event Dispatcher: Equinox Container: bcd45d4a-ae51-40d4-90fe-1e7e94023ad2" daemon [_thread_blocked, id=17056, stack(0x000000bf34e00000,0x000000bf34f00000)]
  0x00000239ff0817c0 JavaThread "Start Level: Equinox Container: bcd45d4a-ae51-40d4-90fe-1e7e94023ad2" daemon [_thread_in_vm, id=10056, stack(0x000000bf34f00000,0x000000bf35000000)]
  0x00000239ff25bec0 JavaThread "Bundle File Closer" daemon [_thread_blocked, id=13864, stack(0x000000bf35100000,0x000000bf35200000)]
  0x00000239ff547670 JavaThread "SCR Component Actor" daemon [_thread_blocked, id=18436, stack(0x000000bf35200000,0x000000bf35300000)]
  0x00000239ff32f270 JavaThread "SCR Component Registry" daemon [_thread_blocked, id=20980, stack(0x000000bf35300000,0x000000bf35400000)]
  0x00000239ff32cf00 JavaThread "Worker-JM" [_thread_blocked, id=24276, stack(0x000000bf35400000,0x000000bf35500000)]
  0x00000239ff32bac0 JavaThread "Worker-0" [_thread_blocked, id=19976, stack(0x000000bf35500000,0x000000bf35600000)]
  0x00000239ff32d410 JavaThread "Worker-1" [_thread_blocked, id=22772, stack(0x000000bf35600000,0x000000bf35700000)]

Other Threads:
  0x00000239fd580c20 VMThread "VM Thread" [stack: 0x000000bf33800000,0x000000bf33900000] [id=9372]
  0x00000239fe6617c0 WatcherThread [stack: 0x000000bf34500000,0x000000bf34600000] [id=27772]
  0x00000239f74b6d40 GCTaskThread "GC Thread#0" [stack: 0x000000bf33700000,0x000000bf33800000] [id=16180]
  0x00000239fe6f3120 GCTaskThread "GC Thread#1" [stack: 0x000000bf34700000,0x000000bf34800000] [id=13588]
  0x00000239fe6413f0 GCTaskThread "GC Thread#2" [stack: 0x000000bf34800000,0x000000bf34900000] [id=13764]
  0x00000239fe937c90 GCTaskThread "GC Thread#3" [stack: 0x000000bf34900000,0x000000bf34a00000] [id=28504]
  0x00000239feda4200 GCTaskThread "GC Thread#4" [stack: 0x000000bf34a00000,0x000000bf34b00000] [id=17468]
  0x00000239feda44c0 GCTaskThread "GC Thread#5" [stack: 0x000000bf34b00000,0x000000bf34c00000] [id=2104]
  0x00000239feda4780 GCTaskThread "GC Thread#6" [stack: 0x000000bf34c00000,0x000000bf34d00000] [id=17508]
  0x00000239fec8bb40 GCTaskThread "GC Thread#7" [stack: 0x000000bf35000000,0x000000bf35100000] [id=26692]

Threads with active compile tasks:
C1 CompilerThread0     2874 3345 %     3       lombok.launch.PackageShader::apply @ 76 (252 bytes)
C2 CompilerThread1     2874 3252       4       org.lombokweb.asm.ClassReader::readMethod (1066 bytes)

VM state: not at safepoint (normal execution)

VM Mutex/Monitor currently owned by a thread:  ([mutex/lock_event])
[0x00000239f749dde0] Metaspace_lock - owner thread: 0x00000239fd5bd800
[0x00000239f749fae0] MethodData_lock - owner thread: 0x00000239fd5bd800

Heap address: 0x00000000c0000000, size: 1024 MB, Compressed Oops mode: 32-bit

CDS archive(s) not mapped
Compressed class space mapped at: 0x0000000100000000-0x0000000140000000, reserved size: 1073741824
Narrow klass base: 0x0000000000000000, Narrow klass shift: 3, Narrow klass range: 0x140000000

GC Precious Log:
 CPUs: 8 total, 8 available
 Memory: 24385M
 Large Page Support: Disabled
 NUMA Support: Disabled
 Compressed Oops: Enabled (32-bit)
 Alignments: Space 512K, Generation 512K, Heap 2M
 Heap Min Capacity: 100M
 Heap Initial Capacity: 100M
 Heap Max Capacity: 1G
 Pre-touch: Disabled
 Parallel Workers: 8

Heap:
 PSYoungGen      total 27648K, used 5055K [0x00000000eab00000, 0x00000000ecd00000, 0x0000000100000000)
  eden space 23552K, 4% used [0x00000000eab00000,0x00000000eabf3ee0,0x00000000ec200000)
  from space 4096K, 99% used [0x00000000ec300000,0x00000000ec6fbd98,0x00000000ec700000)
  to   space 5632K, 0% used [0x00000000ec780000,0x00000000ec780000,0x00000000ecd00000)
 ParOldGen       total 68608K, used 12432K [0x00000000c0000000, 0x00000000c4300000, 0x00000000eab00000)
  object space 68608K, 18% used [0x00000000c0000000,0x00000000c0c24338,0x00000000c4300000)
 Metaspace       used 31414K, committed 32064K, reserved 1114112K
  class space    used 3053K, committed 3328K, reserved 1048576K

Card table byte_map: [0x00000239f6e50000,0x00000239f7060000] _byte_map_base: 0x00000239f6850000

Marking Bits: (ParMarkBitMap*) 0x00007ffb99f2d820
 Begin Bits: [0x00000239fa140000, 0x00000239fb140000)
 End Bits:   [0x00000239fb140000, 0x00000239fc140000)

Polling page: 0x00000239f5490000

Metaspace:

Usage:
  Non-class:     27.70 MB used.
      Class:      2.98 MB used.
       Both:     30.68 MB used.

Virtual space:
  Non-class space:       64.00 MB reserved,      28.06 MB ( 44%) committed,  1 nodes.
      Class space:        1.00 GB reserved,       3.25 MB ( <1%) committed,  1 nodes.
             Both:        1.06 GB reserved,      31.31 MB (  3%) committed. 

Chunk freelists:
   Non-Class:  3.48 MB
       Class:  12.79 MB
        Both:  16.27 MB

MaxMetaspaceSize: unlimited
CompressedClassSpaceSize: 1.00 GB
Initial GC threshold: 21.00 MB
Current GC threshold: 35.00 MB
CDS: off
MetaspaceReclaimPolicy: balanced
 - commit_granule_bytes: 65536.
 - commit_granule_words: 8192.
 - virtual_space_node_default_size: 8388608.
 - enlarge_chunks_in_place: 1.
 - new_chunks_are_fully_committed: 0.
 - uncommit_free_chunks: 1.
 - use_allocation_guard: 0.
 - handle_deallocations: 1.


Internal statistics:

num_allocs_failed_limit: 3.
num_arena_births: 322.
num_arena_deaths: 14.
num_vsnodes_births: 2.
num_vsnodes_deaths: 0.
num_space_committed: 501.
num_space_uncommitted: 0.
num_chunks_returned_to_freelist: 17.
num_chunks_taken_from_freelist: 1232.
num_chunk_merges: 8.
num_chunk_splits: 821.
num_chunks_enlarged: 591.
num_inconsistent_stats: 0.

CodeHeap 'non-profiled nmethods': size=120000Kb used=1529Kb max_used=1529Kb free=118470Kb
 bounds [0x0000023987ad0000, 0x0000023987d40000, 0x000002398f000000]
CodeHeap 'profiled nmethods': size=120000Kb used=6930Kb max_used=6930Kb free=113069Kb
 bounds [0x0000023980000000, 0x00000239806d0000, 0x0000023987530000]
CodeHeap 'non-nmethods': size=5760Kb used=1246Kb max_used=1275Kb free=4513Kb
 bounds [0x0000023987530000, 0x00000239877a0000, 0x0000023987ad0000]
 total_blobs=3908 nmethods=3345 adapters=476
 compilation: enabled
              stopped_count=0, restarted_count=0
 full_count=0

Compilation events (20 events):
Event: 2.812 Thread 0x00000239fd5bd800 3326       1       lombok.patcher.scripts.WrapReturnValuesScript::access$1 (5 bytes)
Event: 2.812 Thread 0x00000239fd5bd800 nmethod 3326 0x0000023987c48f10 code [0x0000023987c490a0, 0x0000023987c49158]
Event: 2.812 Thread 0x00000239fd5bd800 3327       3       java.lang.Enum::hashCode (5 bytes)
Event: 2.812 Thread 0x00000239fd5bd800 nmethod 3327 0x00000239806b4190 code [0x00000239806b4320, 0x00000239806b4468]
Event: 2.812 Thread 0x00000239fd5bd800 3324       3       java.util.regex.Matcher::getSubSequence (12 bytes)
Event: 2.812 Thread 0x00000239fd5bd800 nmethod 3324 0x00000239806b4510 code [0x00000239806b46c0, 0x00000239806b4888]
Event: 2.814 Thread 0x00000239fe8a6140 nmethod 3334 0x0000023987c49210 code [0x0000023987c494a0, 0x0000023987c49c18]
Event: 2.815 Thread 0x00000239fe8a6140 3339       4       org.lombokweb.asm.MethodWriter::hasFrames (13 bytes)
Event: 2.815 Thread 0x00000239fe8a6140 nmethod 3339 0x0000023987c4a290 code [0x0000023987c4a400, 0x0000023987c4a498]
Event: 2.815 Thread 0x00000239fe8a6140 3341       4       org.lombokweb.asm.ClassVisitor::visitMethod (24 bytes)
Event: 2.815 Thread 0x00000239fd5bd800 3343       3       jdk.internal.loader.BuiltinClassLoader$2::run (5 bytes)
Event: 2.815 Thread 0x00000239fd5bd800 nmethod 3343 0x00000239806b4990 code [0x00000239806b4b40, 0x00000239806b4c88]
Event: 2.816 Thread 0x00000239fe8a6140 nmethod 3341 0x0000023987c4a590 code [0x0000023987c4a720, 0x0000023987c4a828]
Event: 2.821 Thread 0x00000239fd5bd800 3344       3       java.net.URLStreamHandler::parseURL (1201 bytes)
Event: 2.823 Thread 0x00000239fe8a6140 3346       4       java.lang.ClassLoader::loadClass (7 bytes)
Event: 2.824 Thread 0x00000239fe8a6140 nmethod 3346 0x0000023987c4a990 code [0x0000023987c4ab00, 0x0000023987c4ab98]
Event: 2.838 Thread 0x00000239fd5bd800 nmethod 3344 0x00000239806b4d10 code [0x00000239806b5e40, 0x00000239806c0408]
Event: 2.838 Thread 0x00000239fd5bd800 3348       3       java.util.WeakHashMap::isEmpty (13 bytes)
Event: 2.838 Thread 0x00000239fd5bd800 nmethod 3348 0x00000239806c4390 code [0x00000239806c4540, 0x00000239806c4808]
Event: 2.838 Thread 0x00000239fd5bd800 3345 %     3       lombok.launch.PackageShader::apply @ 76 (252 bytes)

GC Heap History (20 events):
Event: 0.788 GC heap before
{Heap before GC invocations=1 (full 0):
 PSYoungGen      total 29696K, used 25600K [0x00000000eab00000, 0x00000000ecc00000, 0x0000000100000000)
  eden space 25600K, 100% used [0x00000000eab00000,0x00000000ec400000,0x00000000ec400000)
  from space 4096K, 0% used [0x00000000ec800000,0x00000000ec800000,0x00000000ecc00000)
  to   space 4096K, 0% used [0x00000000ec400000,0x00000000ec400000,0x00000000ec800000)
 ParOldGen       total 68608K, used 0K [0x00000000c0000000, 0x00000000c4300000, 0x00000000eab00000)
  object space 68608K, 0% used [0x00000000c0000000,0x00000000c0000000,0x00000000c4300000)
 Metaspace       used 11014K, committed 11200K, reserved 1114112K
  class space    used 1100K, committed 1216K, reserved 1048576K
}
Event: 0.794 GC heap after
{Heap after GC invocations=1 (full 0):
 PSYoungGen      total 29696K, used 3156K [0x00000000eab00000, 0x00000000ecc00000, 0x0000000100000000)
  eden space 25600K, 0% used [0x00000000eab00000,0x00000000eab00000,0x00000000ec400000)
  from space 4096K, 77% used [0x00000000ec400000,0x00000000ec715268,0x00000000ec800000)
  to   space 4096K, 0% used [0x00000000ec800000,0x00000000ec800000,0x00000000ecc00000)
 ParOldGen       total 68608K, used 16K [0x00000000c0000000, 0x00000000c4300000, 0x00000000eab00000)
  object space 68608K, 0% used [0x00000000c0000000,0x00000000c0004000,0x00000000c4300000)
 Metaspace       used 11014K, committed 11200K, reserved 1114112K
  class space    used 1100K, committed 1216K, reserved 1048576K
}
Event: 1.327 GC heap before
{Heap before GC invocations=2 (full 0):
 PSYoungGen      total 29696K, used 28756K [0x00000000eab00000, 0x00000000ecc00000, 0x0000000100000000)
  eden space 25600K, 100% used [0x00000000eab00000,0x00000000ec400000,0x00000000ec400000)
  from space 4096K, 77% used [0x00000000ec400000,0x00000000ec715268,0x00000000ec800000)
  to   space 4096K, 0% used [0x00000000ec800000,0x00000000ec800000,0x00000000ecc00000)
 ParOldGen       total 68608K, used 16K [0x00000000c0000000, 0x00000000c4300000, 0x00000000eab00000)
  object space 68608K, 0% used [0x00000000c0000000,0x00000000c0004000,0x00000000c4300000)
 Metaspace       used 14706K, committed 14976K, reserved 1114112K
  class space    used 1471K, committed 1600K, reserved 1048576K
}
Event: 1.333 GC heap after
{Heap after GC invocations=2 (full 0):
 PSYoungGen      total 29696K, used 4067K [0x00000000eab00000, 0x00000000ecc00000, 0x0000000100000000)
  eden space 25600K, 0% used [0x00000000eab00000,0x00000000eab00000,0x00000000ec400000)
  from space 4096K, 99% used [0x00000000ec800000,0x00000000ecbf8f28,0x00000000ecc00000)
  to   space 4096K, 0% used [0x00000000ec400000,0x00000000ec400000,0x00000000ec800000)
 ParOldGen       total 68608K, used 1472K [0x00000000c0000000, 0x00000000c4300000, 0x00000000eab00000)
  object space 68608K, 2% used [0x00000000c0000000,0x00000000c0170390,0x00000000c4300000)
 Metaspace       used 14706K, committed 14976K, reserved 1114112K
  class space    used 1471K, committed 1600K, reserved 1048576K
}
Event: 1.640 GC heap before
{Heap before GC invocations=3 (full 0):
 PSYoungGen      total 29696K, used 29667K [0x00000000eab00000, 0x00000000ecc00000, 0x0000000100000000)
  eden space 25600K, 100% used [0x00000000eab00000,0x00000000ec400000,0x00000000ec400000)
  from space 4096K, 99% used [0x00000000ec800000,0x00000000ecbf8f28,0x00000000ecc00000)
  to   space 4096K, 0% used [0x00000000ec400000,0x00000000ec400000,0x00000000ec800000)
 ParOldGen       total 68608K, used 1472K [0x00000000c0000000, 0x00000000c4300000, 0x00000000eab00000)
  object space 68608K, 2% used [0x00000000c0000000,0x00000000c0170390,0x00000000c4300000)
 Metaspace       used 16125K, committed 16384K, reserved 1114112K
  class space    used 1617K, committed 1728K, reserved 1048576K
}
Event: 1.647 GC heap after
{Heap after GC invocations=3 (full 0):
 PSYoungGen      total 29696K, used 4088K [0x00000000eab00000, 0x00000000ecc00000, 0x0000000100000000)
  eden space 25600K, 0% used [0x00000000eab00000,0x00000000eab00000,0x00000000ec400000)
  from space 4096K, 99% used [0x00000000ec400000,0x00000000ec7fe000,0x00000000ec800000)
  to   space 4096K, 0% used [0x00000000ec800000,0x00000000ec800000,0x00000000ecc00000)
 ParOldGen       total 68608K, used 5286K [0x00000000c0000000, 0x00000000c4300000, 0x00000000eab00000)
  object space 68608K, 7% used [0x00000000c0000000,0x00000000c0529968,0x00000000c4300000)
 Metaspace       used 16125K, committed 16384K, reserved 1114112K
  class space    used 1617K, committed 1728K, reserved 1048576K
}
Event: 2.006 GC heap before
{Heap before GC invocations=4 (full 0):
 PSYoungGen      total 29696K, used 29688K [0x00000000eab00000, 0x00000000ecc00000, 0x0000000100000000)
  eden space 25600K, 100% used [0x00000000eab00000,0x00000000ec400000,0x00000000ec400000)
  from space 4096K, 99% used [0x00000000ec400000,0x00000000ec7fe000,0x00000000ec800000)
  to   space 4096K, 0% used [0x00000000ec800000,0x00000000ec800000,0x00000000ecc00000)
 ParOldGen       total 68608K, used 5286K [0x00000000c0000000, 0x00000000c4300000, 0x00000000eab00000)
  object space 68608K, 7% used [0x00000000c0000000,0x00000000c0529968,0x00000000c4300000)
 Metaspace       used 20664K, committed 21120K, reserved 1114112K
  class space    used 2097K, committed 2304K, reserved 1048576K
}
Event: 2.010 GC heap after
{Heap after GC invocations=4 (full 0):
 PSYoungGen      total 29696K, used 4093K [0x00000000eab00000, 0x00000000ecc00000, 0x0000000100000000)
  eden space 25600K, 0% used [0x00000000eab00000,0x00000000eab00000,0x00000000ec400000)
  from space 4096K, 99% used [0x00000000ec800000,0x00000000ecbff4f0,0x00000000ecc00000)
  to   space 4096K, 0% used [0x00000000ec400000,0x00000000ec400000,0x00000000ec800000)
 ParOldGen       total 68608K, used 6291K [0x00000000c0000000, 0x00000000c4300000, 0x00000000eab00000)
  object space 68608K, 9% used [0x00000000c0000000,0x00000000c0624c80,0x00000000c4300000)
 Metaspace       used 20664K, committed 21120K, reserved 1114112K
  class space    used 2097K, committed 2304K, reserved 1048576K
}
Event: 2.062 GC heap before
{Heap before GC invocations=5 (full 0):
 PSYoungGen      total 29696K, used 7868K [0x00000000eab00000, 0x00000000ecc00000, 0x0000000100000000)
  eden space 25600K, 14% used [0x00000000eab00000,0x00000000eaeafd58,0x00000000ec400000)
  from space 4096K, 99% used [0x00000000ec800000,0x00000000ecbff4f0,0x00000000ecc00000)
  to   space 4096K, 0% used [0x00000000ec400000,0x00000000ec400000,0x00000000ec800000)
 ParOldGen       total 68608K, used 6291K [0x00000000c0000000, 0x00000000c4300000, 0x00000000eab00000)
  object space 68608K, 9% used [0x00000000c0000000,0x00000000c0624c80,0x00000000c4300000)
 Metaspace       used 21105K, committed 21504K, reserved 1114112K
  class space    used 2143K, committed 2304K, reserved 1048576K
}
Event: 2.064 GC heap after
{Heap after GC invocations=5 (full 0):
 PSYoungGen      total 29696K, used 4072K [0x00000000eab00000, 0x00000000ece00000, 0x0000000100000000)
  eden space 25600K, 0% used [0x00000000eab00000,0x00000000eab00000,0x00000000ec400000)
  from space 4096K, 99% used [0x00000000ec400000,0x00000000ec7fa0f8,0x00000000ec800000)
  to   space 5120K, 0% used [0x00000000ec900000,0x00000000ec900000,0x00000000ece00000)
 ParOldGen       total 68608K, used 6629K [0x00000000c0000000, 0x00000000c4300000, 0x00000000eab00000)
  object space 68608K, 9% used [0x00000000c0000000,0x00000000c06797b0,0x00000000c4300000)
 Metaspace       used 21105K, committed 21504K, reserved 1114112K
  class space    used 2143K, committed 2304K, reserved 1048576K
}
Event: 2.064 GC heap before
{Heap before GC invocations=6 (full 1):
 PSYoungGen      total 29696K, used 4072K [0x00000000eab00000, 0x00000000ece00000, 0x0000000100000000)
  eden space 25600K, 0% used [0x00000000eab00000,0x00000000eab00000,0x00000000ec400000)
  from space 4096K, 99% used [0x00000000ec400000,0x00000000ec7fa0f8,0x00000000ec800000)
  to   space 5120K, 0% used [0x00000000ec900000,0x00000000ec900000,0x00000000ece00000)
 ParOldGen       total 68608K, used 6629K [0x00000000c0000000, 0x00000000c4300000, 0x00000000eab00000)
  object space 68608K, 9% used [0x00000000c0000000,0x00000000c06797b0,0x00000000c4300000)
 Metaspace       used 21105K, committed 21504K, reserved 1114112K
  class space    used 2143K, committed 2304K, reserved 1048576K
}
Event: 2.093 GC heap after
{Heap after GC invocations=6 (full 1):
 PSYoungGen      total 29696K, used 0K [0x00000000eab00000, 0x00000000ece00000, 0x0000000100000000)
  eden space 25600K, 0% used [0x00000000eab00000,0x00000000eab00000,0x00000000ec400000)
  from space 4096K, 0% used [0x00000000ec400000,0x00000000ec400000,0x00000000ec800000)
  to   space 5120K, 0% used [0x00000000ec900000,0x00000000ec900000,0x00000000ece00000)
 ParOldGen       total 68608K, used 10442K [0x00000000c0000000, 0x00000000c4300000, 0x00000000eab00000)
  object space 68608K, 15% used [0x00000000c0000000,0x00000000c0a328c0,0x00000000c4300000)
 Metaspace       used 21092K, committed 21504K, reserved 1114112K
  class space    used 2140K, committed 2304K, reserved 1048576K
}
Event: 2.369 GC heap before
{Heap before GC invocations=7 (full 1):
 PSYoungGen      total 29696K, used 25599K [0x00000000eab00000, 0x00000000ece00000, 0x0000000100000000)
  eden space 25600K, 99% used [0x00000000eab00000,0x00000000ec3fffc8,0x00000000ec400000)
  from space 4096K, 0% used [0x00000000ec400000,0x00000000ec400000,0x00000000ec800000)
  to   space 5120K, 0% used [0x00000000ec900000,0x00000000ec900000,0x00000000ece00000)
 ParOldGen       total 68608K, used 10442K [0x00000000c0000000, 0x00000000c4300000, 0x00000000eab00000)
  object space 68608K, 15% used [0x00000000c0000000,0x00000000c0a328c0,0x00000000c4300000)
 Metaspace       used 24115K, committed 24640K, reserved 1114112K
  class space    used 2465K, committed 2688K, reserved 1048576K
}
Event: 2.371 GC heap after
{Heap after GC invocations=7 (full 1):
 PSYoungGen      total 26624K, used 1509K [0x00000000eab00000, 0x00000000eca80000, 0x0000000100000000)
  eden space 25088K, 0% used [0x00000000eab00000,0x00000000eab00000,0x00000000ec380000)
  from space 1536K, 98% used [0x00000000ec900000,0x00000000eca795b0,0x00000000eca80000)
  to   space 3072K, 0% used [0x00000000ec480000,0x00000000ec480000,0x00000000ec780000)
 ParOldGen       total 68608K, used 10450K [0x00000000c0000000, 0x00000000c4300000, 0x00000000eab00000)
  object space 68608K, 15% used [0x00000000c0000000,0x00000000c0a348c0,0x00000000c4300000)
 Metaspace       used 24115K, committed 24640K, reserved 1114112K
  class space    used 2465K, committed 2688K, reserved 1048576K
}
Event: 2.547 GC heap before
{Heap before GC invocations=8 (full 1):
 PSYoungGen      total 26624K, used 26597K [0x00000000eab00000, 0x00000000eca80000, 0x0000000100000000)
  eden space 25088K, 100% used [0x00000000eab00000,0x00000000ec380000,0x00000000ec380000)
  from space 1536K, 98% used [0x00000000ec900000,0x00000000eca795b0,0x00000000eca80000)
  to   space 3072K, 0% used [0x00000000ec480000,0x00000000ec480000,0x00000000ec780000)
 ParOldGen       total 68608K, used 10450K [0x00000000c0000000, 0x00000000c4300000, 0x00000000eab00000)
  object space 68608K, 15% used [0x00000000c0000000,0x00000000c0a348c0,0x00000000c4300000)
 Metaspace       used 26691K, committed 27328K, reserved 1114112K
  class space    used 2723K, committed 3008K, reserved 1048576K
}
Event: 2.548 GC heap after
{Heap after GC invocations=8 (full 1):
 PSYoungGen      total 27648K, used 3053K [0x00000000eab00000, 0x00000000ecc00000, 0x0000000100000000)
  eden space 24576K, 0% used [0x00000000eab00000,0x00000000eab00000,0x00000000ec300000)
  from space 3072K, 99% used [0x00000000ec480000,0x00000000ec77b4b8,0x00000000ec780000)
  to   space 4608K, 0% used [0x00000000ec780000,0x00000000ec780000,0x00000000ecc00000)
 ParOldGen       total 68608K, used 11246K [0x00000000c0000000, 0x00000000c4300000, 0x00000000eab00000)
  object space 68608K, 16% used [0x00000000c0000000,0x00000000c0afb988,0x00000000c4300000)
 Metaspace       used 26691K, committed 27328K, reserved 1114112K
  class space    used 2723K, committed 3008K, reserved 1048576K
}
Event: 2.694 GC heap before
{Heap before GC invocations=9 (full 1):
 PSYoungGen      total 27648K, used 27610K [0x00000000eab00000, 0x00000000ecc00000, 0x0000000100000000)
  eden space 24576K, 99% used [0x00000000eab00000,0x00000000ec2fb480,0x00000000ec300000)
  from space 3072K, 99% used [0x00000000ec480000,0x00000000ec77b4b8,0x00000000ec780000)
  to   space 4608K, 0% used [0x00000000ec780000,0x00000000ec780000,0x00000000ecc00000)
 ParOldGen       total 68608K, used 11246K [0x00000000c0000000, 0x00000000c4300000, 0x00000000eab00000)
  object space 68608K, 16% used [0x00000000c0000000,0x00000000c0afb988,0x00000000c4300000)
 Metaspace       used 29943K, committed 30592K, reserved 1114112K
  class space    used 2966K, committed 3200K, reserved 1048576K
}
Event: 2.695 GC heap after
{Heap after GC invocations=9 (full 1):
 PSYoungGen      total 27648K, used 3495K [0x00000000eab00000, 0x00000000ecb00000, 0x0000000100000000)
  eden space 24064K, 0% used [0x00000000eab00000,0x00000000eab00000,0x00000000ec280000)
  from space 3584K, 97% used [0x00000000ec780000,0x00000000ecae9f90,0x00000000ecb00000)
  to   space 4096K, 0% used [0x00000000ec300000,0x00000000ec300000,0x00000000ec700000)
 ParOldGen       total 68608K, used 11246K [0x00000000c0000000, 0x00000000c4300000, 0x00000000eab00000)
  object space 68608K, 16% used [0x00000000c0000000,0x00000000c0afb988,0x00000000c4300000)
 Metaspace       used 29943K, committed 30592K, reserved 1114112K
  class space    used 2966K, committed 3200K, reserved 1048576K
}
Event: 2.827 GC heap before
{Heap before GC invocations=10 (full 1):
 PSYoungGen      total 27648K, used 27559K [0x00000000eab00000, 0x00000000ecb00000, 0x0000000100000000)
  eden space 24064K, 100% used [0x00000000eab00000,0x00000000ec280000,0x00000000ec280000)
  from space 3584K, 97% used [0x00000000ec780000,0x00000000ecae9f90,0x00000000ecb00000)
  to   space 4096K, 0% used [0x00000000ec300000,0x00000000ec300000,0x00000000ec700000)
 ParOldGen       total 68608K, used 11246K [0x00000000c0000000, 0x00000000c4300000, 0x00000000eab00000)
  object space 68608K, 16% used [0x00000000c0000000,0x00000000c0afb988,0x00000000c4300000)
 Metaspace       used 31335K, committed 32000K, reserved 1114112K
  class space    used 3049K, committed 3328K, reserved 1048576K
}
Event: 2.829 GC heap after
{Heap after GC invocations=10 (full 1):
 PSYoungGen      total 27648K, used 4079K [0x00000000eab00000, 0x00000000ecd00000, 0x0000000100000000)
  eden space 23552K, 0% used [0x00000000eab00000,0x00000000eab00000,0x00000000ec200000)
  from space 4096K, 99% used [0x00000000ec300000,0x00000000ec6fbd98,0x00000000ec700000)
  to   space 5632K, 0% used [0x00000000ec780000,0x00000000ec780000,0x00000000ecd00000)
 ParOldGen       total 68608K, used 12432K [0x00000000c0000000, 0x00000000c4300000, 0x00000000eab00000)
  object space 68608K, 18% used [0x00000000c0000000,0x00000000c0c24338,0x00000000c4300000)
 Metaspace       used 31335K, committed 32000K, reserved 1114112K
  class space    used 3049K, committed 3328K, reserved 1048576K
}

Dll operation events (9 events):
Event: 0.010 Loaded shared library c:\Users\NaNaL\.vscode\extensions\redhat.java-1.31.0-win32-x64\jre\17.0.11-win32-x86_64\bin\java.dll
Event: 0.158 Loaded shared library c:\Users\NaNaL\.vscode\extensions\redhat.java-1.31.0-win32-x64\jre\17.0.11-win32-x86_64\bin\zip.dll
Event: 0.162 Loaded shared library C:\Users\NaNaL\.vscode\extensions\redhat.java-1.31.0-win32-x64\jre\17.0.11-win32-x86_64\bin\instrument.dll
Event: 0.176 Loaded shared library C:\Users\NaNaL\.vscode\extensions\redhat.java-1.31.0-win32-x64\jre\17.0.11-win32-x86_64\bin\net.dll
Event: 0.178 Loaded shared library C:\Users\NaNaL\.vscode\extensions\redhat.java-1.31.0-win32-x64\jre\17.0.11-win32-x86_64\bin\nio.dll
Event: 0.186 Loaded shared library C:\Users\NaNaL\.vscode\extensions\redhat.java-1.31.0-win32-x64\jre\17.0.11-win32-x86_64\bin\zip.dll
Event: 0.202 Loaded shared library C:\Users\NaNaL\.vscode\extensions\redhat.java-1.31.0-win32-x64\jre\17.0.11-win32-x86_64\bin\jimage.dll
Event: 0.259 Loaded shared library c:\Users\NaNaL\.vscode\extensions\redhat.java-1.31.0-win32-x64\jre\17.0.11-win32-x86_64\bin\verify.dll
Event: 1.254 Loaded shared library C:\Users\NaNaL\AppData\Roaming\Code\User\globalStorage\redhat.java\1.31.0\config_win\org.eclipse.equinox.launcher\org.eclipse.equinox.launcher.win32.win32.x86_64_1.2.1000.v20240507-1834\eclipse_11902.dll

Deoptimization events (20 events):
Event: 2.417 Thread 0x00000239ff0817c0 DEOPT PACKING pc=0x0000023987b08a5c sp=0x000000bf34ff2c00
Event: 2.417 Thread 0x00000239ff0817c0 DEOPT UNPACKING pc=0x00000239875866a3 sp=0x000000bf34ff2b90 mode 2
Event: 2.421 Thread 0x00000239ff0817c0 Uncommon trap: trap_request=0xffffff45 fr.pc=0x0000023987af29b8 relative=0x0000000000000038
Event: 2.421 Thread 0x00000239ff0817c0 Uncommon trap: reason=unstable_if action=reinterpret pc=0x0000023987af29b8 method=java.lang.StringLatin1.canEncode(I)Z @ 4 c2
Event: 2.421 Thread 0x00000239ff0817c0 DEOPT PACKING pc=0x0000023987af29b8 sp=0x000000bf34ff2ba0
Event: 2.421 Thread 0x00000239ff0817c0 DEOPT UNPACKING pc=0x00000239875866a3 sp=0x000000bf34ff2b30 mode 2
Event: 2.463 Thread 0x00000239ff0817c0 Uncommon trap: trap_request=0xffffffc6 fr.pc=0x0000023987bc3a00 relative=0x0000000000000f60
Event: 2.463 Thread 0x00000239ff0817c0 Uncommon trap: reason=bimorphic_or_optimized_type_check action=maybe_recompile pc=0x0000023987bc3a00 method=java.util.Properties$LineReader.readLine()I @ 479 c2
Event: 2.463 Thread 0x00000239ff0817c0 DEOPT PACKING pc=0x0000023987bc3a00 sp=0x000000bf34ff4660
Event: 2.463 Thread 0x00000239ff0817c0 DEOPT UNPACKING pc=0x00000239875866a3 sp=0x000000bf34ff4600 mode 2
Event: 2.535 Thread 0x00000239ff0817c0 Uncommon trap: trap_request=0xffffff45 fr.pc=0x0000023987c2f384 relative=0x0000000000000844
Event: 2.535 Thread 0x00000239ff0817c0 Uncommon trap: reason=unstable_if action=reinterpret pc=0x0000023987c2f384 method=org.lombokweb.asm.ClassReader.readUTF8(I[C)Ljava/lang/String; @ 11 c2
Event: 2.535 Thread 0x00000239ff0817c0 DEOPT PACKING pc=0x0000023987c2f384 sp=0x000000bf34fef920
Event: 2.535 Thread 0x00000239ff0817c0 DEOPT UNPACKING pc=0x00000239875866a3 sp=0x000000bf34fef918 mode 2
Event: 2.680 Thread 0x00000239ff0817c0 Uncommon trap: trap_request=0xffffff45 fr.pc=0x0000023987c37eac relative=0x000000000000020c
Event: 2.680 Thread 0x00000239ff0817c0 Uncommon trap: reason=unstable_if action=reinterpret pc=0x0000023987c37eac method=org.lombokweb.asm.Label.resolve([BLorg/lombokweb/asm/ByteVector;I)Z @ 81 c2
Event: 2.680 Thread 0x00000239ff0817c0 DEOPT PACKING pc=0x0000023987c37eac sp=0x000000bf34feef60
Event: 2.680 Thread 0x00000239ff0817c0 DEOPT UNPACKING pc=0x00000239875866a3 sp=0x000000bf34feeed0 mode 2
Event: 2.781 Thread 0x00000239ff0817c0 DEOPT PACKING pc=0x00000239804de643 sp=0x000000bf34ff8040
Event: 2.781 Thread 0x00000239ff0817c0 DEOPT UNPACKING pc=0x0000023987586e43 sp=0x000000bf34ff7560 mode 0

Classes unloaded (7 events):
Event: 2.069 Thread 0x00000239fd580c20 Unloading class 0x0000000100248400 'java/lang/invoke/LambdaForm$MH+0x0000000100248400'
Event: 2.069 Thread 0x00000239fd580c20 Unloading class 0x0000000100248000 'java/lang/invoke/LambdaForm$MH+0x0000000100248000'
Event: 2.069 Thread 0x00000239fd580c20 Unloading class 0x0000000100247c00 'java/lang/invoke/LambdaForm$MH+0x0000000100247c00'
Event: 2.069 Thread 0x00000239fd580c20 Unloading class 0x0000000100247800 'java/lang/invoke/LambdaForm$MH+0x0000000100247800'
Event: 2.069 Thread 0x00000239fd580c20 Unloading class 0x0000000100247400 'java/lang/invoke/LambdaForm$BMH+0x0000000100247400'
Event: 2.069 Thread 0x00000239fd580c20 Unloading class 0x0000000100247000 'java/lang/invoke/LambdaForm$DMH+0x0000000100247000'
Event: 2.069 Thread 0x00000239fd580c20 Unloading class 0x0000000100244400 'java/lang/invoke/LambdaForm$DMH+0x0000000100244400'

Classes redefined (0 events):
No events

Internal exceptions (20 events):
Event: 2.107 Thread 0x00000239ff0817c0 Exception <a 'java/io/FileNotFoundException'{0x00000000eac141a8}> (0x00000000eac141a8) 
thrown [s\src\hotspot\share\prims\jni.cpp, line 516]
Event: 2.108 Thread 0x00000239ff0817c0 Exception <a 'java/io/FileNotFoundException'{0x00000000eac27c48}> (0x00000000eac27c48) 
thrown [s\src\hotspot\share\prims\jni.cpp, line 516]
Event: 2.137 Thread 0x00000239ff0817c0 Exception <a 'java/lang/NoSuchMethodError'{0x00000000eaeb87f8}: 'java.lang.Object java.lang.invoke.DirectMethodHandle$Holder.newInvokeSpecial(java.lang.Object, java.lang.Object, java.lang.Object, java.lang.Object, java.lang.Object)'> (0x00000000eaeb87f8) 
thrown [s\src\hotspot\share\interpreter\linkResolver.cpp, line 759]
Event: 2.148 Thread 0x00000239ff0817c0 Exception <a 'java/lang/NoSuchMethodError'{0x00000000eafbbb70}: 'java.lang.Object java.lang.invoke.DirectMethodHandle$Holder.invokeSpecial(java.lang.Object, java.lang.Object, java.lang.Object, long, java.lang.Object)'> (0x00000000eafbbb70) 
thrown [s\src\hotspot\share\interpreter\linkResolver.cpp, line 759]
Event: 2.148 Thread 0x00000239ff0817c0 Exception <a 'java/lang/NoSuchMethodError'{0x00000000eafc3d28}: 'java.lang.Object java.lang.invoke.DirectMethodHandle$Holder.newInvokeSpecial(java.lang.Object, java.lang.Object, java.lang.Object, long)'> (0x00000000eafc3d28) 
thrown [s\src\hotspot\share\interpreter\linkResolver.cpp, line 759]
Event: 2.148 Thread 0x00000239ff0817c0 Exception <a 'java/lang/NoSuchMethodError'{0x00000000eafc82c8}: 'java.lang.Object java.lang.invoke.DirectMethodHandle$Holder.invokeSpecial(java.lang.Object, java.lang.Object, java.lang.Object, java.lang.Object, long)'> (0x00000000eafc82c8) 
thrown [s\src\hotspot\share\interpreter\linkResolver.cpp, line 759]
Event: 2.149 Thread 0x00000239ff0817c0 Exception <a 'java/lang/NoSuchMethodError'{0x00000000eafcc140}: 'java.lang.Object java.lang.invoke.Invokers$Holder.linkToTargetMethod(java.lang.Object, java.lang.Object, long, java.lang.Object)'> (0x00000000eafcc140) 
thrown [s\src\hotspot\share\interpreter\linkResolver.cpp, line 759]
Event: 2.155 Thread 0x00000239ff0817c0 Exception <a 'java/lang/NoSuchMethodError'{0x00000000eb062ce0}: 'int java.lang.invoke.DirectMethodHandle$Holder.invokeStaticInit(java.lang.Object, java.lang.Object, java.lang.Object)'> (0x00000000eb062ce0) 
thrown [s\src\hotspot\share\interpreter\linkResolver.cpp, line 759]
Event: 2.171 Thread 0x00000239ff0817c0 Exception <a 'java/lang/IncompatibleClassChangeError'{0x00000000eb1301f8}: Found class java.lang.Object, but interface was expected> (0x00000000eb1301f8) 
thrown [s\src\hotspot\share\interpreter\linkResolver.cpp, line 826]
Event: 2.171 Thread 0x00000239ff0817c0 Exception <a 'java/lang/NoSuchMethodError'{0x00000000eb133f20}: 'java.lang.Object java.lang.invoke.DirectMethodHandle$Holder.invokeSpecial(java.lang.Object, java.lang.Object, java.lang.Object, int, java.lang.Object, java.lang.Object)'> (0x00000000eb133f20) 
thrown [s\src\hotspot\share\interpreter\linkResolver.cpp, line 759]
Event: 2.171 Thread 0x00000239ff0817c0 Exception <a 'java/lang/NoSuchMethodError'{0x00000000eb13c618}: 'java.lang.Object java.lang.invoke.DirectMethodHandle$Holder.newInvokeSpecial(java.lang.Object, java.lang.Object, java.lang.Object, int, java.lang.Object)'> (0x00000000eb13c618) 
thrown [s\src\hotspot\share\interpreter\linkResolver.cpp, line 759]
Event: 2.172 Thread 0x00000239ff0817c0 Exception <a 'java/lang/NoSuchMethodError'{0x00000000eb140a70}: 'java.lang.Object java.lang.invoke.DirectMethodHandle$Holder.invokeSpecial(java.lang.Object, java.lang.Object, java.lang.Object, java.lang.Object, int, java.lang.Object)'> (0x00000000eb140a70) 
thrown [s\src\hotspot\share\interpreter\linkResolver.cpp, line 759]
Event: 2.172 Thread 0x00000239ff32bac0 Exception <a 'java/lang/NoSuchMethodError'{0x00000000eb03c918}: 'java.lang.Object java.lang.invoke.DirectMethodHandle$Holder.invokeSpecial(java.lang.Object, java.lang.Object, int, java.lang.Object, java.lang.Object)'> (0x00000000eb03c918) 
thrown [s\src\hotspot\share\interpreter\linkResolver.cpp, line 759]
Event: 2.331 Thread 0x00000239ff0817c0 Exception <a 'java/lang/NoSuchMethodError'{0x00000000ebf06a20}: 'java.lang.Object java.lang.invoke.Invokers$Holder.linkToTargetMethod(java.lang.Object, long, java.lang.Object, java.lang.Object)'> (0x00000000ebf06a20) 
thrown [s\src\hotspot\share\interpreter\linkResolver.cpp, line 759]
Event: 2.385 Thread 0x00000239ff0817c0 Exception <a 'java/io/FileNotFoundException'{0x00000000ead562d0}> (0x00000000ead562d0) 
thrown [s\src\hotspot\share\prims\jni.cpp, line 516]
Event: 2.386 Thread 0x00000239ff0817c0 Exception <a 'java/lang/NoSuchMethodError'{0x00000000ead5f380}: 'java.lang.Object java.lang.invoke.DirectMethodHandle$Holder.newInvokeSpecial(java.lang.Object, int, java.lang.Object, java.lang.Object)'> (0x00000000ead5f380) 
thrown [s\src\hotspot\share\interpreter\linkResolver.cpp, line 759]
Event: 2.576 Thread 0x00000239ff0817c0 Exception <a 'java/io/FileNotFoundException'{0x00000000eb205988}> (0x00000000eb205988) 
thrown [s\src\hotspot\share\prims\jni.cpp, line 516]
Event: 2.576 Thread 0x00000239ff0817c0 Exception <a 'java/io/FileNotFoundException'{0x00000000eb2067e0}> (0x00000000eb2067e0) 
thrown [s\src\hotspot\share\prims\jni.cpp, line 516]
Event: 2.576 Thread 0x00000239ff0817c0 Exception <a 'java/io/FileNotFoundException'{0x00000000eb207780}> (0x00000000eb207780) 
thrown [s\src\hotspot\share\prims\jni.cpp, line 516]
Event: 2.777 Thread 0x00000239ff0817c0 Exception <a 'java/io/FileNotFoundException'{0x00000000ebe330c8}> (0x00000000ebe330c8) 
thrown [s\src\hotspot\share\prims\jni.cpp, line 516]

VM Operations (20 events):
Event: 2.119 Executing VM operation: HandshakeAllThreads
Event: 2.119 Executing VM operation: HandshakeAllThreads done
Event: 2.180 Executing VM operation: HandshakeAllThreads
Event: 2.180 Executing VM operation: HandshakeAllThreads done
Event: 2.215 Executing VM operation: HandshakeAllThreads
Event: 2.215 Executing VM operation: HandshakeAllThreads done
Event: 2.239 Executing VM operation: HandshakeAllThreads
Event: 2.239 Executing VM operation: HandshakeAllThreads done
Event: 2.249 Executing VM operation: HandshakeAllThreads
Event: 2.249 Executing VM operation: HandshakeAllThreads done
Event: 2.368 Executing VM operation: ParallelGCFailedAllocation
Event: 2.371 Executing VM operation: ParallelGCFailedAllocation done
Event: 2.546 Executing VM operation: ParallelGCFailedAllocation
Event: 2.549 Executing VM operation: ParallelGCFailedAllocation done
Event: 2.662 Executing VM operation: HandshakeAllThreads
Event: 2.662 Executing VM operation: HandshakeAllThreads done
Event: 2.694 Executing VM operation: ParallelGCFailedAllocation
Event: 2.695 Executing VM operation: ParallelGCFailedAllocation done
Event: 2.827 Executing VM operation: ParallelGCFailedAllocation
Event: 2.829 Executing VM operation: ParallelGCFailedAllocation done

Events (20 events):
Event: 2.499 loading class java/io/StringReader
Event: 2.499 loading class java/io/StringReader done
Event: 2.513 loading class java/util/zip/GZIPInputStream
Event: 2.513 loading class java/util/zip/GZIPInputStream done
Event: 2.516 loading class java/net/SocketTimeoutException
Event: 2.516 loading class java/io/InterruptedIOException
Event: 2.516 loading class java/io/InterruptedIOException done
Event: 2.516 loading class java/net/SocketTimeoutException done
Event: 2.516 loading class java/net/SocketException
Event: 2.516 loading class java/net/SocketException done
Event: 2.516 loading class java/net/UnknownHostException
Event: 2.516 loading class java/net/UnknownHostException done
Event: 2.516 loading class java/net/ProtocolException
Event: 2.516 loading class java/net/ProtocolException done
Event: 2.527 loading class java/lang/ThreadLocal$SuppliedThreadLocal
Event: 2.527 loading class java/lang/ThreadLocal$SuppliedThreadLocal done
Event: 2.530 loading class java/io/FileWriter
Event: 2.530 loading class java/io/FileWriter done
Event: 2.574 loading class java/lang/NegativeArraySizeException
Event: 2.574 loading class java/lang/NegativeArraySizeException done


Dynamic libraries:
0x00007ff715050000 - 0x00007ff71505e000 	c:\Users\NaNaL\.vscode\extensions\redhat.java-1.31.0-win32-x64\jre\17.0.11-win32-x86_64\bin\java.exe
0x00007ffc810f0000 - 0x00007ffc812e8000 	C:\WINDOWS\SYSTEM32\ntdll.dll
0x00007ffc80dd0000 - 0x00007ffc80e8d000 	C:\WINDOWS\System32\KERNEL32.DLL
0x00007ffc7ea40000 - 0x00007ffc7ed36000 	C:\WINDOWS\System32\KERNELBASE.dll
0x00007ffc7ed40000 - 0x00007ffc7ee40000 	C:\WINDOWS\System32\ucrtbase.dll
0x00007ffc7a140000 - 0x00007ffc7a157000 	c:\Users\NaNaL\.vscode\extensions\redhat.java-1.31.0-win32-x64\jre\17.0.11-win32-x86_64\bin\jli.dll
0x00007ffc7a160000 - 0x00007ffc7a17b000 	c:\Users\NaNaL\.vscode\extensions\redhat.java-1.31.0-win32-x64\jre\17.0.11-win32-x86_64\bin\VCRUNTIME140.dll
0x00007ffc7fe80000 - 0x00007ffc8001f000 	C:\WINDOWS\System32\USER32.dll
0x00007ffc7ef60000 - 0x00007ffc7ef82000 	C:\WINDOWS\System32\win32u.dll
0x00007ffc624d0000 - 0x00007ffc6276a000 	C:\WINDOWS\WinSxS\amd64_microsoft.windows.common-controls_6595b64144ccf1df_6.0.19041.4355_none_60b8b9eb71f62e16\COMCTL32.dll
0x00007ffc7f130000 - 0x00007ffc7f15b000 	C:\WINDOWS\System32\GDI32.dll
0x00007ffc80cd0000 - 0x00007ffc80d6e000 	C:\WINDOWS\System32\msvcrt.dll
0x00007ffc7ee40000 - 0x00007ffc7ef57000 	C:\WINDOWS\System32\gdi32full.dll
0x00007ffc7efe0000 - 0x00007ffc7f07d000 	C:\WINDOWS\System32\msvcp_win.dll
0x00007ffc7fe50000 - 0x00007ffc7fe7f000 	C:\WINDOWS\System32\IMM32.DLL
0x00007ffc7a130000 - 0x00007ffc7a13c000 	c:\Users\NaNaL\.vscode\extensions\redhat.java-1.31.0-win32-x64\jre\17.0.11-win32-x86_64\bin\vcruntime140_1.dll
0x00007ffc0de80000 - 0x00007ffc0df0d000 	c:\Users\NaNaL\.vscode\extensions\redhat.java-1.31.0-win32-x64\jre\17.0.11-win32-x86_64\bin\msvcp140.dll
0x00007ffb99390000 - 0x00007ffb99ff2000 	c:\Users\NaNaL\.vscode\extensions\redhat.java-1.31.0-win32-x64\jre\17.0.11-win32-x86_64\bin\server\jvm.dll
0x00007ffc7f1f0000 - 0x00007ffc7f2a0000 	C:\WINDOWS\System32\ADVAPI32.dll
0x00007ffc80ef0000 - 0x00007ffc80f90000 	C:\WINDOWS\System32\sechost.dll
0x00007ffc7f2a0000 - 0x00007ffc7f3c3000 	C:\WINDOWS\System32\RPCRT4.dll
0x00007ffc7e820000 - 0x00007ffc7e847000 	C:\WINDOWS\System32\bcrypt.dll
0x00007ffc7dcf0000 - 0x00007ffc7dd3b000 	C:\WINDOWS\SYSTEM32\POWRPROF.dll
0x00007ffc725f0000 - 0x00007ffc725f9000 	C:\WINDOWS\SYSTEM32\WSOCK32.dll
0x00007ffc71950000 - 0x00007ffc71977000 	C:\WINDOWS\SYSTEM32\WINMM.dll
0x00007ffc81040000 - 0x00007ffc810ab000 	C:\WINDOWS\System32\WS2_32.dll
0x00007ffc77670000 - 0x00007ffc7767a000 	C:\WINDOWS\SYSTEM32\VERSION.dll
0x00007ffc7db60000 - 0x00007ffc7db72000 	C:\WINDOWS\SYSTEM32\UMPDC.dll
0x00007ffc7cfd0000 - 0x00007ffc7cfe2000 	C:\WINDOWS\SYSTEM32\kernel.appcore.dll
0x00007ffc77ce0000 - 0x00007ffc77cea000 	c:\Users\NaNaL\.vscode\extensions\redhat.java-1.31.0-win32-x64\jre\17.0.11-win32-x86_64\bin\jimage.dll
0x00007ffc7cd60000 - 0x00007ffc7cf44000 	C:\WINDOWS\SYSTEM32\DBGHELP.DLL
0x00007ffc68f20000 - 0x00007ffc68f54000 	C:\WINDOWS\SYSTEM32\dbgcore.DLL
0x00007ffc7e9b0000 - 0x00007ffc7ea32000 	C:\WINDOWS\System32\bcryptPrimitives.dll
0x00007ffc77cd0000 - 0x00007ffc77cde000 	c:\Users\NaNaL\.vscode\extensions\redhat.java-1.31.0-win32-x64\jre\17.0.11-win32-x86_64\bin\instrument.dll
0x00007ffc54660000 - 0x00007ffc54685000 	c:\Users\NaNaL\.vscode\extensions\redhat.java-1.31.0-win32-x64\jre\17.0.11-win32-x86_64\bin\java.dll
0x00007ffc55640000 - 0x00007ffc55658000 	c:\Users\NaNaL\.vscode\extensions\redhat.java-1.31.0-win32-x64\jre\17.0.11-win32-x86_64\bin\zip.dll
0x00007ffc7f670000 - 0x00007ffc7fddc000 	C:\WINDOWS\System32\SHELL32.dll
0x00007ffc7c5c0000 - 0x00007ffc7cd5d000 	C:\WINDOWS\SYSTEM32\windows.storage.dll
0x00007ffc80030000 - 0x00007ffc80383000 	C:\WINDOWS\System32\combase.dll
0x00007ffc7e1d0000 - 0x00007ffc7e1fe000 	C:\WINDOWS\SYSTEM32\Wldp.dll
0x00007ffc7f480000 - 0x00007ffc7f54d000 	C:\WINDOWS\System32\OLEAUT32.dll
0x00007ffc7f3d0000 - 0x00007ffc7f47d000 	C:\WINDOWS\System32\SHCORE.dll
0x00007ffc80d70000 - 0x00007ffc80dc5000 	C:\WINDOWS\System32\shlwapi.dll
0x00007ffc7e6e0000 - 0x00007ffc7e704000 	C:\WINDOWS\SYSTEM32\profapi.dll
0x00007ffc52ba0000 - 0x00007ffc52bb9000 	C:\Users\NaNaL\.vscode\extensions\redhat.java-1.31.0-win32-x64\jre\17.0.11-win32-x86_64\bin\net.dll
0x00007ffc76e20000 - 0x00007ffc76f2a000 	C:\WINDOWS\SYSTEM32\WINHTTP.dll
0x00007ffc7dee0000 - 0x00007ffc7df4a000 	C:\WINDOWS\system32\mswsock.dll
0x00007ffc51480000 - 0x00007ffc51496000 	C:\Users\NaNaL\.vscode\extensions\redhat.java-1.31.0-win32-x64\jre\17.0.11-win32-x86_64\bin\nio.dll
0x00007ffc600d0000 - 0x00007ffc600e0000 	c:\Users\NaNaL\.vscode\extensions\redhat.java-1.31.0-win32-x64\jre\17.0.11-win32-x86_64\bin\verify.dll
0x00007ffc4c160000 - 0x00007ffc4c1a4000 	C:\Users\NaNaL\AppData\Roaming\Code\User\globalStorage\redhat.java\1.31.0\config_win\org.eclipse.equinox.launcher\org.eclipse.equinox.launcher.win32.win32.x86_64_1.2.1000.v20240507-1834\eclipse_11902.dll
0x00007ffc804a0000 - 0x00007ffc805cb000 	C:\WINDOWS\System32\ole32.dll

dbghelp: loaded successfully - version: 4.0.5 - missing functions: none
symbol engine: initialized successfully - sym options: 0x614 - pdb path: .;c:\Users\NaNaL\.vscode\extensions\redhat.java-1.31.0-win32-x64\jre\17.0.11-win32-x86_64\bin;C:\WINDOWS\SYSTEM32;C:\WINDOWS\WinSxS\amd64_microsoft.windows.common-controls_6595b64144ccf1df_6.0.19041.4355_none_60b8b9eb71f62e16;c:\Users\NaNaL\.vscode\extensions\redhat.java-1.31.0-win32-x64\jre\17.0.11-win32-x86_64\bin\server;C:\Users\NaNaL\AppData\Roaming\Code\User\globalStorage\redhat.java\1.31.0\config_win\org.eclipse.equinox.launcher\org.eclipse.equinox.launcher.win32.win32.x86_64_1.2.1000.v20240507-1834

VM Arguments:
jvm_args: --add-modules=ALL-SYSTEM --add-opens=java.base/java.util=ALL-UNNAMED --add-opens=java.base/java.lang=ALL-UNNAMED --add-opens=java.base/sun.nio.fs=ALL-UNNAMED -Declipse.application=org.eclipse.jdt.ls.core.id1 -Dosgi.bundles.defaultStartLevel=4 -Declipse.product=org.eclipse.jdt.ls.core.product -Djava.import.generatesMetadataFilesAtProjectRoot=false -DDetectVMInstallationsJob.disabled=true -Dfile.encoding=utf8 -XX:+UseParallelGC -XX:GCTimeRatio=4 -XX:AdaptiveSizePolicyWeight=90 -Dsun.zip.disableMemoryMapping=true -Xmx1G -Xms100m -Xlog:disable -javaagent:c:\Users\NaNaL\.vscode\extensions\redhat.java-1.31.0-win32-x64\lombok\lombok-1.18.32.jar -XX:+HeapDumpOnOutOfMemoryError -XX:HeapDumpPath=c:\Users\NaNaL\AppData\Roaming\Code\User\workspaceStorage\bda62982e6316af875a027c8b09df3ad\redhat.java -Daether.dependencyCollector.impl=bf 
java_command: c:\Users\NaNaL\.vscode\extensions\redhat.java-1.31.0-win32-x64\server\plugins\org.eclipse.equinox.launcher_1.6.800.v20240513-1750.jar -configuration c:\Users\NaNaL\AppData\Roaming\Code\User\globalStorage\redhat.java\1.31.0\config_win -data c:\Users\NaNaL\AppData\Roaming\Code\User\workspaceStorage\bda62982e6316af875a027c8b09df3ad\redhat.java\jdt_ws --pipe=\\.\pipe\lsp-7953f9b68580b21d388f81ec18435d4d-sock
java_class_path (initial): c:\Users\NaNaL\.vscode\extensions\redhat.java-1.31.0-win32-x64\server\plugins\org.eclipse.equinox.launcher_1.6.800.v20240513-1750.jar
Launcher Type: SUN_STANDARD

[Global flags]
    uintx AdaptiveSizePolicyWeight                 = 90                                        {product} {command line}
     intx CICompilerCount                          = 4                                         {product} {ergonomic}
    uintx GCTimeRatio                              = 4                                         {product} {command line}
     bool HeapDumpOnOutOfMemoryError               = true                                   {manageable} {command line}
    ccstr HeapDumpPath                             = c:\Users\NaNaL\AppData\Roaming\Code\User\workspaceStorage\bda62982e6316af875a027c8b09df3ad\redhat.java         {manageable} {command line}
   size_t InitialHeapSize                          = 104857600                                 {product} {command line}
   size_t MaxHeapSize                              = 1073741824                                {product} {command line}
   size_t MaxNewSize                               = 357564416                                 {product} {ergonomic}
   size_t MinHeapDeltaBytes                        = 524288                                    {product} {ergonomic}
   size_t MinHeapSize                              = 104857600                                 {product} {command line}
   size_t NewSize                                  = 34603008                                  {product} {ergonomic}
    uintx NonNMethodCodeHeapSize                   = 5839372                                {pd product} {ergonomic}
    uintx NonProfiledCodeHeapSize                  = 122909434                              {pd product} {ergonomic}
   size_t OldSize                                  = 70254592                                  {product} {ergonomic}
    uintx ProfiledCodeHeapSize                     = 122909434                              {pd product} {ergonomic}
    uintx ReservedCodeCacheSize                    = 251658240                              {pd product} {ergonomic}
     bool SegmentedCodeCache                       = true                                      {product} {ergonomic}
   size_t SoftMaxHeapSize                          = 1073741824                             {manageable} {ergonomic}
     bool UseCompressedClassPointers               = true                           {product lp64_product} {ergonomic}
     bool UseCompressedOops                        = true                           {product lp64_product} {ergonomic}
     bool UseLargePagesIndividualAllocation        = false                                  {pd product} {ergonomic}
     bool UseParallelGC                            = true                                      {product} {command line}

Logging:
Log output configuration:
 #0: stdout all=off uptime,level,tags
 #1: stderr all=off uptime,level,tags

Environment Variables:
JAVA_HOME=C:\Program Files\Java\jre1.8.0_202
PATH=C:\Program Files\Common Files\Oracle\Java\javapath;C:\Program Files (x86)\Common Files\Oracle\Java\javapath;C:\WINDOWS\system32;C:\WINDOWS;C:\WINDOWS\System32\Wbem;C:\WINDOWS\System32\WindowsPowerShell\v1.0\;C:\WINDOWS\System32\OpenSSH\;C:\Program Files (x86)\NVIDIA Corporation\PhysX\Common;C:\Program Files\NVIDIA Corporation\NVIDIA NvDLISR;C:\Program Files\nodejs\;C:\Program Files\Microsoft SQL Server\Client SDK\ODBC\170\Tools\Binn\;C:\Program Files\dotnet\;C:\Program Files\Git\cmd;C:\Program Files\Java\jdk-19\bin;C:\Program Files\Maven\apache-maven-3.8.6\bin;C:\Program Files\AutoFirma\AutoFirma;C:\Program Files\Git LFS;D:\Docker\Docker\resources\bin;C:\Users\NaNaL\AppData\Local\Programs\Python\Python311\python;C:\Users\NaNaL\AppData\Local\Programs\Python\Python311\Scripts\;C:\Users\NaNaL\AppData\Local\Microsoft\WindowsApps;C:\Users\NaNaL\AppData\Roaming\npm;C:\Users\NaNaL\AppData\Local\Programs\Microsoft VS Code\bin;C:\Users\NaNaL\AppData\Local\Programs\Python\Python38\;C:\Users\NaNaL\AppData\Local\Programs\Python\Python38\Scripts\;C:\Users\NaNaL\.dotnet\tools;C:\Users\NaNaL\AppData\Local\GitHubDesktop\bin;C:\Program Files\Java\jdk-19\bin;D:\uni\Cos\kubectl;C:\Program Files\Kubernetes\Minikube\minikube;D:\uni\SAD\kumori\kumorictl;D:\Program Files\Gradle\gradle-7.6\bin;C:\WINDOWS\system32\;C:\users\nanal\appdata\local\programs\python\python311\lib\site-packages;
USERNAME=NaNaL
OS=Windows_NT
PROCESSOR_IDENTIFIER=Intel64 Family 6 Model 158 Stepping 10, GenuineIntel
TMP=C:\Users\NaNaL\AppData\Local\Temp
TEMP=C:\Users\NaNaL\AppData\Local\Temp



Periodic native trim disabled


---------------  S Y S T E M  ---------------

OS:
 Windows 10 , 64 bit Build 19041 (10.0.19041.3636)
OS uptime: 0 days 22:20 hours
Hyper-V role detected

CPU: total 8 (initial active 8) (4 cores per cpu, 2 threads per core) family 6 model 158 stepping 10 microcode 0xf0, cx8, cmov, fxsr, ht, mmx, 3dnowpref, sse, sse2, sse3, ssse3, sse4.1, sse4.2, popcnt, lzcnt, tsc, tscinvbit, avx, avx2, aes, erms, clmul, bmi1, bmi2, adx, fma, vzeroupper, clflush, clflushopt, hv
Processor Information for all 8 processors :
  Max Mhz: 2304, Current Mhz: 2304, Mhz Limit: 2304

Memory: 4k page, system-wide physical 24385M (2492M free)
TotalPageFile size 39571M (AvailPageFile size 6M)
current process WorkingSet (physical memory assigned to process): 152M, peak: 155M
current process commit charge ("private bytes"): 258M, peak: 259M

vm_info: OpenJDK 64-Bit Server VM (17.0.11+9) for windows-amd64 JRE (17.0.11+9), built on Apr 17 2024 06:07:48 by "admin" with MS VC++ 16.10 / 16.11 (VS2019)

END.
