#
# There is insufficient memory for the Java Runtime Environment to continue.
# Native memory allocation (malloc) failed to allocate 1557296 bytes. Error detail: Chunk::new
# Possible reasons:
#   The system is out of physical RAM or swap space
#   This process is running with CompressedOops enabled, and the Java Heap may be blocking the growth of the native heap
# Possible solutions:
#   Reduce memory load on the system
#   Increase physical memory or swap space
#   Check if swap backing store is full
#   Decrease Java heap size (-Xmx/-Xms)
#   Decrease number of Java threads
#   Decrease Java thread stack sizes (-Xss)
#   Set larger code cache with -XX:ReservedCodeCacheSize=
#   JVM is running with Unscaled Compressed Oops mode in which the Java heap is
#     placed in the first 4GB address space. The Java Heap base address is the
#     maximum limit for the native heap growth. Please use -XX:HeapBaseMinAddress
#     to set the Java Heap base and to place the Java Heap above 4GB virtual address.
# This output file may be truncated or incomplete.
#
#  Out of Memory Error (arena.cpp:191), pid=15572, tid=16872
#
# JRE version: OpenJDK Runtime Environment Temurin-17.0.11+9 (17.0.11+9) (build 17.0.11+9)
# Java VM: OpenJDK 64-Bit Server VM Temurin-17.0.11+9 (17.0.11+9, mixed mode, tiered, compressed oops, compressed class ptrs, parallel gc, windows-amd64)
# No core dump will be written. Minidumps are not enabled by default on client versions of Windows
#

---------------  S U M M A R Y ------------

Command Line: --add-modules=ALL-SYSTEM --add-opens=java.base/java.util=ALL-UNNAMED --add-opens=java.base/java.lang=ALL-UNNAMED --add-opens=java.base/sun.nio.fs=ALL-UNNAMED -Declipse.application=org.eclipse.jdt.ls.core.id1 -Dosgi.bundles.defaultStartLevel=4 -Declipse.product=org.eclipse.jdt.ls.core.product -Djava.import.generatesMetadataFilesAtProjectRoot=false -DDetectVMInstallationsJob.disabled=true -Dfile.encoding=utf8 -XX:+UseParallelGC -XX:GCTimeRatio=4 -XX:AdaptiveSizePolicyWeight=90 -Dsun.zip.disableMemoryMapping=true -Xmx1G -Xms100m -Xlog:disable -javaagent:c:\Users\NaNaL\.vscode\extensions\redhat.java-1.31.0-win32-x64\lombok\lombok-1.18.32.jar -XX:+HeapDumpOnOutOfMemoryError -XX:HeapDumpPath=c:\Users\NaNaL\AppData\Roaming\Code\User\workspaceStorage\bda62982e6316af875a027c8b09df3ad\redhat.java -Daether.dependencyCollector.impl=bf c:\Users\NaNaL\.vscode\extensions\redhat.java-1.31.0-win32-x64\server\plugins\org.eclipse.equinox.launcher_1.6.800.v20240513-1750.jar -configuration c:\Users\NaNaL\AppData\Roaming\Code\User\globalStorage\redhat.java\1.31.0\config_win -data c:\Users\NaNaL\AppData\Roaming\Code\User\workspaceStorage\bda62982e6316af875a027c8b09df3ad\redhat.java\jdt_ws --pipe=\\.\pipe\lsp-93e442d328a863e916f67bb08aa76cb7-sock

Host: Intel(R) Core(TM) i5-8300H CPU @ 2.30GHz, 8 cores, 23G,  Windows 10 , 64 bit Build 19041 (10.0.19041.3636)
Time: Sun Jun 23 16:05:48 2024 Hora estándar de Tokio elapsed time: 21.946798 seconds (0d 0h 0m 21s)

---------------  T H R E A D  ---------------

Current thread (0x00000272e17c0920):  JavaThread "C2 CompilerThread2" daemon [_thread_in_native, id=16872, stack(0x0000008f5ba00000,0x0000008f5bb00000)]


Current CompileTask:
C2:  21946 6747 % !   4       org.eclipse.jdt.internal.compiler.classfmt.ClassFileReader::<init> @ 63 (2158 bytes)

Stack: [0x0000008f5ba00000,0x0000008f5bb00000]
Native frames: (J=compiled Java code, j=interpreted, Vv=VM code, C=native code)
V  [jvm.dll+0x67d429]
V  [jvm.dll+0x834b7a]
V  [jvm.dll+0x83663e]
V  [jvm.dll+0x836ca3]
V  [jvm.dll+0x247dbf]
V  [jvm.dll+0xac534]
V  [jvm.dll+0xacb7c]
V  [jvm.dll+0x3665f2]
V  [jvm.dll+0x1bd086]
V  [jvm.dll+0x21a5c9]
V  [jvm.dll+0x2198b1]
V  [jvm.dll+0x1a534d]
V  [jvm.dll+0x2295cd]
V  [jvm.dll+0x22779c]
V  [jvm.dll+0x7e9d07]
V  [jvm.dll+0x7e410a]
V  [jvm.dll+0x67c315]
C  [ucrtbase.dll+0x21bb2]
C  [KERNEL32.DLL+0x17344]
C  [ntdll.dll+0x4cc91]


---------------  P R O C E S S  ---------------

Threads class SMR info:
_java_thread_list=0x00000272e32ea8f0, length=50, elements={
0x00000272c65133a0, 0x00000272c65c75e0, 0x00000272dc2fde90, 0x00000272c65c90d0,
0x00000272e15a8150, 0x00000272e15a8ee0, 0x00000272e15ab010, 0x00000272e15add10,
0x00000272c65ce490, 0x00000272c65ceaa0, 0x00000272e172af90, 0x00000272e259ff60,
0x00000272e2c474f0, 0x00000272e2f03dc0, 0x00000272e344a220, 0x00000272e36d1770,
0x00000272e34420a0, 0x00000272e33b6360, 0x00000272e33b3ff0, 0x00000272e33b3ae0,
0x00000272e33b30c0, 0x00000272e33b4f20, 0x00000272e33b4a10, 0x00000272e33b35d0,
0x00000272e33b4500, 0x00000272e33b5430, 0x00000272e33b5940, 0x00000272e33b5e50,
0x00000272e4e86ba0, 0x00000272e4e875c0, 0x00000272e4e81fb0, 0x00000272e4e84830,
0x00000272e4e86180, 0x00000272e4e84d40, 0x00000272e4e870b0, 0x00000272e4e81590,
0x00000272e4e85250, 0x00000272e4e85760, 0x00000272e4e87ad0, 0x00000272e4e83e10,
0x00000272e4e86690, 0x00000272e4e833f0, 0x00000272e4e85c70, 0x00000272e4e81080,
0x00000272e4e884f0, 0x00000272e4e88a00, 0x00000272e4e81aa0, 0x00000272e4e829d0,
0x00000272e17bfe80, 0x00000272e17c0920
}

Java Threads: ( => current thread )
  0x00000272c65133a0 JavaThread "main" [_thread_blocked, id=16680, stack(0x0000008f57f00000,0x0000008f58000000)]
  0x00000272c65c75e0 JavaThread "Reference Handler" daemon [_thread_blocked, id=6664, stack(0x0000008f58200000,0x0000008f58300000)]
  0x00000272dc2fde90 JavaThread "Finalizer" daemon [_thread_blocked, id=18168, stack(0x0000008f58300000,0x0000008f58400000)]
  0x00000272c65c90d0 JavaThread "Signal Dispatcher" daemon [_thread_blocked, id=27888, stack(0x0000008f58400000,0x0000008f58500000)]
  0x00000272e15a8150 JavaThread "Attach Listener" daemon [_thread_blocked, id=26716, stack(0x0000008f58500000,0x0000008f58600000)]
  0x00000272e15a8ee0 JavaThread "Service Thread" daemon [_thread_blocked, id=28256, stack(0x0000008f58600000,0x0000008f58700000)]
  0x00000272e15ab010 JavaThread "Monitor Deflation Thread" daemon [_thread_blocked, id=11152, stack(0x0000008f58700000,0x0000008f58800000)]
  0x00000272e15add10 JavaThread "C2 CompilerThread0" daemon [_thread_in_native, id=15204, stack(0x0000008f58800000,0x0000008f58900000)]
  0x00000272c65ce490 JavaThread "C1 CompilerThread0" daemon [_thread_blocked, id=28304, stack(0x0000008f58900000,0x0000008f58a00000)]
  0x00000272c65ceaa0 JavaThread "Sweeper thread" daemon [_thread_blocked, id=13612, stack(0x0000008f58a00000,0x0000008f58b00000)]
  0x00000272e172af90 JavaThread "Common-Cleaner" daemon [_thread_blocked, id=19636, stack(0x0000008f58b00000,0x0000008f58c00000)]
  0x00000272e259ff60 JavaThread "Notification Thread" daemon [_thread_blocked, id=28216, stack(0x0000008f58c00000,0x0000008f58d00000)]
  0x00000272e2c474f0 JavaThread "Active Thread: Equinox Container: 210241e6-cd41-4be2-bdcf-cb45732d3b6e" [_thread_blocked, id=21892, stack(0x0000008f59600000,0x0000008f59700000)]
  0x00000272e2f03dc0 JavaThread "Framework Event Dispatcher: Equinox Container: 210241e6-cd41-4be2-bdcf-cb45732d3b6e" daemon [_thread_blocked, id=6580, stack(0x0000008f59700000,0x0000008f59800000)]
  0x00000272e344a220 JavaThread "Start Level: Equinox Container: 210241e6-cd41-4be2-bdcf-cb45732d3b6e" daemon [_thread_blocked, id=4872, stack(0x0000008f59800000,0x0000008f59900000)]
  0x00000272e36d1770 JavaThread "Bundle File Closer" daemon [_thread_blocked, id=13676, stack(0x0000008f59a00000,0x0000008f59b00000)]
  0x00000272e34420a0 JavaThread "SCR Component Actor" daemon [_thread_blocked, id=26920, stack(0x0000008f59b00000,0x0000008f59c00000)]
  0x00000272e33b6360 JavaThread "Worker-JM" [_thread_blocked, id=23792, stack(0x0000008f58f00000,0x0000008f59000000)]
  0x00000272e33b3ff0 JavaThread "Worker-0" [_thread_blocked, id=10600, stack(0x0000008f59d00000,0x0000008f59e00000)]
  0x00000272e33b3ae0 JavaThread "Worker-1: Java indexing... " [_thread_blocked, id=18408, stack(0x0000008f59e00000,0x0000008f59f00000)]
  0x00000272e33b30c0 JavaThread "Java indexing" daemon [_thread_in_Java, id=25524, stack(0x0000008f59f00000,0x0000008f5a000000)]
  0x00000272e33b4f20 JavaThread "JNA Cleaner" daemon [_thread_blocked, id=11400, stack(0x0000008f5a100000,0x0000008f5a200000)]
  0x00000272e33b4a10 JavaThread "Worker-2: Initialize Workspace" [_thread_blocked, id=18228, stack(0x0000008f5a200000,0x0000008f5a300000)]
  0x00000272e33b35d0 JavaThread "Thread-2" daemon [_thread_in_native, id=10580, stack(0x0000008f5a300000,0x0000008f5a400000)]
  0x00000272e33b4500 JavaThread "Thread-3" daemon [_thread_in_native, id=18400, stack(0x0000008f5a400000,0x0000008f5a500000)]
  0x00000272e33b5430 JavaThread "Thread-4" daemon [_thread_in_native, id=18480, stack(0x0000008f5a500000,0x0000008f5a600000)]
  0x00000272e33b5940 JavaThread "Thread-5" daemon [_thread_in_native, id=23004, stack(0x0000008f5a600000,0x0000008f5a700000)]
  0x00000272e33b5e50 JavaThread "Thread-6" daemon [_thread_in_native, id=2372, stack(0x0000008f5a700000,0x0000008f5a800000)]
  0x00000272e4e86ba0 JavaThread "Thread-7" daemon [_thread_in_native, id=22568, stack(0x0000008f5a800000,0x0000008f5a900000)]
  0x00000272e4e875c0 JavaThread "Thread-8" daemon [_thread_in_native, id=7968, stack(0x0000008f5a900000,0x0000008f5aa00000)]
  0x00000272e4e81fb0 JavaThread "Thread-9" daemon [_thread_in_native, id=27760, stack(0x0000008f5aa00000,0x0000008f5ab00000)]
  0x00000272e4e84830 JavaThread "Thread-10" daemon [_thread_in_native, id=10296, stack(0x0000008f5ab00000,0x0000008f5ac00000)]
  0x00000272e4e86180 JavaThread "pool-2-thread-1" [_thread_blocked, id=25612, stack(0x0000008f5ac00000,0x0000008f5ad00000)]
  0x00000272e4e84d40 JavaThread "WorkspaceEventsHandler" [_thread_blocked, id=28464, stack(0x0000008f5ad00000,0x0000008f5ae00000)]
  0x00000272e4e870b0 JavaThread "pool-1-thread-1" [_thread_blocked, id=1100, stack(0x0000008f5ae00000,0x0000008f5af00000)]
  0x00000272e4e81590 JavaThread "Timer-0" [_thread_blocked, id=27960, stack(0x0000008f5af00000,0x0000008f5b000000)]
  0x00000272e4e85250 JavaThread "Exec process" [_thread_blocked, id=22192, stack(0x0000008f58e00000,0x0000008f58f00000)]
  0x00000272e4e85760 JavaThread "Exec process Thread 2" [_thread_blocked, id=28168, stack(0x0000008f59c00000,0x0000008f59d00000)]
  0x00000272e4e87ad0 JavaThread "Exec process Thread 3" [_thread_blocked, id=12608, stack(0x0000008f5a000000,0x0000008f5a100000)]
  0x00000272e4e83e10 JavaThread "Timer-1" [_thread_blocked, id=24228, stack(0x0000008f5b000000,0x0000008f5b100000)]
  0x00000272e4e86690 JavaThread "Timer-2" [_thread_blocked, id=16360, stack(0x0000008f5b100000,0x0000008f5b200000)]
  0x00000272e4e833f0 JavaThread "Timer-3" [_thread_blocked, id=5204, stack(0x0000008f5b200000,0x0000008f5b300000)]
  0x00000272e4e85c70 JavaThread "Timer-4" [_thread_blocked, id=18576, stack(0x0000008f5b300000,0x0000008f5b400000)]
  0x00000272e4e81080 JavaThread "Connection worker" [_thread_blocked, id=9128, stack(0x0000008f5b400000,0x0000008f5b500000)]
  0x00000272e4e884f0 JavaThread "Worker-3" [_thread_blocked, id=21732, stack(0x0000008f5b700000,0x0000008f5b800000)]
  0x00000272e4e88a00 JavaThread "pool-3-thread-1" [_thread_blocked, id=20820, stack(0x0000008f5b800000,0x0000008f5b900000)]
  0x00000272e4e81aa0 JavaThread "Exec process" [_thread_in_native, id=7236, stack(0x0000008f5b500000,0x0000008f5b600000)]
  0x00000272e4e829d0 JavaThread "Exec process Thread 2" [_thread_blocked, id=19932, stack(0x0000008f5b900000,0x0000008f5ba00000)]
  0x00000272e17bfe80 JavaThread "C2 CompilerThread1" daemon [_thread_in_native, id=27924, stack(0x0000008f5b600000,0x0000008f5b700000)]
=>0x00000272e17c0920 JavaThread "C2 CompilerThread2" daemon [_thread_in_native, id=16872, stack(0x0000008f5ba00000,0x0000008f5bb00000)]

Other Threads:
  0x00000272c65c5a70 VMThread "VM Thread" [stack: 0x0000008f58100000,0x0000008f58200000] [id=20648]
  0x00000272e1826ae0 WatcherThread [stack: 0x0000008f58d00000,0x0000008f58e00000] [id=28472]
  0x00000272c6527190 GCTaskThread "GC Thread#0" [stack: 0x0000008f58000000,0x0000008f58100000] [id=8504]
  0x00000272e2ace940 GCTaskThread "GC Thread#1" [stack: 0x0000008f59000000,0x0000008f59100000] [id=16472]
  0x00000272e2b8c320 GCTaskThread "GC Thread#2" [stack: 0x0000008f59100000,0x0000008f59200000] [id=9276]
  0x00000272e2b4ef20 GCTaskThread "GC Thread#3" [stack: 0x0000008f59200000,0x0000008f59300000] [id=5856]
  0x00000272e2b4f1e0 GCTaskThread "GC Thread#4" [stack: 0x0000008f59300000,0x0000008f59400000] [id=28560]
  0x00000272e2b4f4a0 GCTaskThread "GC Thread#5" [stack: 0x0000008f59400000,0x0000008f59500000] [id=28656]
  0x00000272e25ea6b0 GCTaskThread "GC Thread#6" [stack: 0x0000008f59500000,0x0000008f59600000] [id=24664]
  0x00000272e3119d40 GCTaskThread "GC Thread#7" [stack: 0x0000008f59900000,0x0000008f59a00000] [id=1148]

Threads with active compile tasks:
C2 CompilerThread0    21983 6769  s    4       org.eclipse.jdt.internal.compiler.classfmt.MethodInfo::readCodeAttribute (125 bytes)
C2 CompilerThread1    21983 6712 %     4       org.eclipse.jdt.internal.core.search.indexing.BinaryIndexer::extractReferenceFromConstantPool @ 15 (358 bytes)
C2 CompilerThread2    21983 6747 % !   4       org.eclipse.jdt.internal.compiler.classfmt.ClassFileReader::<init> @ 63 (2158 bytes)

VM state: not at safepoint (normal execution)

VM Mutex/Monitor currently owned by a thread: None

Heap address: 0x00000000c0000000, size: 1024 MB, Compressed Oops mode: 32-bit

CDS archive(s) not mapped
Compressed class space mapped at: 0x0000000100000000-0x0000000140000000, reserved size: 1073741824
Narrow klass base: 0x0000000000000000, Narrow klass shift: 3, Narrow klass range: 0x140000000

GC Precious Log:
 CPUs: 8 total, 8 available
 Memory: 24385M
 Large Page Support: Disabled
 NUMA Support: Disabled
 Compressed Oops: Enabled (32-bit)
 Alignments: Space 512K, Generation 512K, Heap 2M
 Heap Min Capacity: 100M
 Heap Initial Capacity: 100M
 Heap Max Capacity: 1G
 Pre-touch: Disabled
 Parallel Workers: 8

Heap:
 PSYoungGen      total 12288K, used 5795K [0x00000000eab00000, 0x00000000eb880000, 0x0000000100000000)
  eden space 10752K, 42% used [0x00000000eab00000,0x00000000eaf70f78,0x00000000eb580000)
  from space 1536K, 81% used [0x00000000eb580000,0x00000000eb6b8000,0x00000000eb700000)
  to   space 1536K, 0% used [0x00000000eb700000,0x00000000eb700000,0x00000000eb880000)
 ParOldGen       total 68608K, used 58934K [0x00000000c0000000, 0x00000000c4300000, 0x00000000eab00000)
  object space 68608K, 85% used [0x00000000c0000000,0x00000000c398db98,0x00000000c4300000)
 Metaspace       used 66666K, committed 67712K, reserved 1114112K
  class space    used 8101K, committed 8576K, reserved 1048576K

Card table byte_map: [0x00000272d9b70000,0x00000272d9d80000] _byte_map_base: 0x00000272d9570000

Marking Bits: (ParMarkBitMap*) 0x00007ffb99f2d820
 Begin Bits: [0x00000272d9ee0000, 0x00000272daee0000)
 End Bits:   [0x00000272daee0000, 0x00000272dbee0000)

Polling page: 0x00000272ca960000

Metaspace:

Usage:
  Non-class:     57.19 MB used.
      Class:      7.91 MB used.
       Both:     65.10 MB used.

Virtual space:
  Non-class space:       64.00 MB reserved,      57.75 MB ( 90%) committed,  1 nodes.
      Class space:        1.00 GB reserved,       8.38 MB ( <1%) committed,  1 nodes.
             Both:        1.06 GB reserved,      66.12 MB (  6%) committed. 

Chunk freelists:
   Non-Class:  5.36 MB
       Class:  7.45 MB
        Both:  12.81 MB

MaxMetaspaceSize: unlimited
CompressedClassSpaceSize: 1.00 GB
Initial GC threshold: 21.00 MB
Current GC threshold: 97.31 MB
CDS: off
MetaspaceReclaimPolicy: balanced
 - commit_granule_bytes: 65536.
 - commit_granule_words: 8192.
 - virtual_space_node_default_size: 8388608.
 - enlarge_chunks_in_place: 1.
 - new_chunks_are_fully_committed: 0.
 - uncommit_free_chunks: 1.
 - use_allocation_guard: 0.
 - handle_deallocations: 1.


Internal statistics:

num_allocs_failed_limit: 9.
num_arena_births: 626.
num_arena_deaths: 26.
num_vsnodes_births: 2.
num_vsnodes_deaths: 0.
num_space_committed: 1058.
num_space_uncommitted: 0.
num_chunks_returned_to_freelist: 38.
num_chunks_taken_from_freelist: 3136.
num_chunk_merges: 14.
num_chunk_splits: 2053.
num_chunks_enlarged: 1359.
num_inconsistent_stats: 0.

CodeHeap 'non-profiled nmethods': size=120000Kb used=4301Kb max_used=4301Kb free=115698Kb
 bounds [0x00000272d2450000, 0x00000272d2890000, 0x00000272d9980000]
CodeHeap 'profiled nmethods': size=120000Kb used=12034Kb max_used=12034Kb free=107966Kb
 bounds [0x00000272ca980000, 0x00000272cb550000, 0x00000272d1eb0000]
CodeHeap 'non-nmethods': size=5760Kb used=1327Kb max_used=1389Kb free=4432Kb
 bounds [0x00000272d1eb0000, 0x00000272d2120000, 0x00000272d2450000]
 total_blobs=6603 nmethods=5936 adapters=580
 compilation: enabled
              stopped_count=0, restarted_count=0
 full_count=0

Compilation events (20 events):
Event: 21.713 Thread 0x00000272c65ce490 6772       2       org.eclipse.jdt.core.Signature::toCharArray (83 bytes)
Event: 21.714 Thread 0x00000272c65ce490 nmethod 6772 0x00000272cb53c990 code [0x00000272cb53cb80, 0x00000272cb53cf48]
Event: 21.714 Thread 0x00000272c65ce490 6773       2       org.eclipse.jdt.core.Signature::appendTypeSignature (9 bytes)
Event: 21.714 Thread 0x00000272c65ce490 nmethod 6773 0x00000272cb53d110 code [0x00000272cb53d2a0, 0x00000272cb53d3a8]
Event: 21.714 Thread 0x00000272c65ce490 6774       2       org.eclipse.jdt.core.Signature::appendTypeSignature (513 bytes)
Event: 21.715 Thread 0x00000272c65ce490 nmethod 6774 0x00000272cb53d490 code [0x00000272cb53d820, 0x00000272cb53e418]
Event: 21.715 Thread 0x00000272c65ce490 6775       2       org.eclipse.jdt.internal.core.search.indexing.AbstractIndexer::addAnnotationTypeReference (20 bytes)
Event: 21.716 Thread 0x00000272c65ce490 nmethod 6775 0x00000272cb53eb10 code [0x00000272cb53ece0, 0x00000272cb53ef88]
Event: 21.732 Thread 0x00000272e15add10 nmethod 6761 0x00000272d2872f10 code [0x00000272d2873180, 0x00000272d2875440]
Event: 21.732 Thread 0x00000272e15add10 6766  s    4       org.eclipse.jdt.internal.compiler.classfmt.MethodInfo::readExceptionAttributes (215 bytes)
Event: 21.761 Thread 0x00000272e15add10 nmethod 6766 0x00000272d2876a90 code [0x00000272d2876c60, 0x00000272d28780d8]
Event: 21.761 Thread 0x00000272e15add10 6759       4       org.eclipse.jdt.internal.compiler.classfmt.MethodInfo::createMethod (713 bytes)
Event: 21.782 Thread 0x00000272c65ce490 6781       2       org.eclipse.jdt.core.Signature::appendClassTypeSignature (323 bytes)
Event: 21.783 Thread 0x00000272c65ce490 nmethod 6781 0x00000272cb53f210 code [0x00000272cb53f4c0, 0x00000272cb53ff78]
Event: 21.827 Thread 0x00000272e15add10 nmethod 6759 0x00000272d2878b90 code [0x00000272d2878de0, 0x00000272d287b1f0]
Event: 21.828 Thread 0x00000272e15add10 6770  s    4       org.eclipse.jdt.internal.compiler.classfmt.MethodInfo::readModifierRelatedAttributes (216 bytes)
Event: 21.842 Thread 0x00000272e15add10 nmethod 6770 0x00000272d287c210 code [0x00000272d287c3c0, 0x00000272d287d058]
Event: 21.842 Thread 0x00000272e15add10 6762       4       org.eclipse.jdt.internal.core.search.indexing.BinaryIndexer::decodeReturnType (407 bytes)
Event: 21.882 Thread 0x00000272e15add10 nmethod 6762 0x00000272d287d590 code [0x00000272d287d7e0, 0x00000272d287eac0]
Event: 21.883 Thread 0x00000272e15add10 6777       4       org.eclipse.jdt.internal.core.search.indexing.AbstractIndexer::addMethodDeclaration (105 bytes)

GC Heap History (20 events):
Event: 21.051 GC heap before
{Heap before GC invocations=46 (full 3):
 PSYoungGen      total 14848K, used 14592K [0x00000000eab00000, 0x00000000ebc80000, 0x0000000100000000)
  eden space 14336K, 100% used [0x00000000eab00000,0x00000000eb900000,0x00000000eb900000)
  from space 512K, 50% used [0x00000000ebc00000,0x00000000ebc40000,0x00000000ebc80000)
  to   space 1024K, 0% used [0x00000000eba80000,0x00000000eba80000,0x00000000ebb80000)
 ParOldGen       total 68608K, used 39778K [0x00000000c0000000, 0x00000000c4300000, 0x00000000eab00000)
  object space 68608K, 57% used [0x00000000c0000000,0x00000000c26d88d8,0x00000000c4300000)
 Metaspace       used 66310K, committed 67392K, reserved 1114112K
  class space    used 8083K, committed 8576K, reserved 1048576K
}
Event: 21.053 GC heap after
{Heap after GC invocations=46 (full 3):
 PSYoungGen      total 15360K, used 782K [0x00000000eab00000, 0x00000000ebc80000, 0x0000000100000000)
  eden space 14336K, 0% used [0x00000000eab00000,0x00000000eab00000,0x00000000eb900000)
  from space 1024K, 76% used [0x00000000eba80000,0x00000000ebb43b60,0x00000000ebb80000)
  to   space 1024K, 0% used [0x00000000ebb80000,0x00000000ebb80000,0x00000000ebc80000)
 ParOldGen       total 68608K, used 41788K [0x00000000c0000000, 0x00000000c4300000, 0x00000000eab00000)
  object space 68608K, 60% used [0x00000000c0000000,0x00000000c28cf210,0x00000000c4300000)
 Metaspace       used 66310K, committed 67392K, reserved 1114112K
  class space    used 8083K, committed 8576K, reserved 1048576K
}
Event: 21.205 GC heap before
{Heap before GC invocations=47 (full 3):
 PSYoungGen      total 15360K, used 15118K [0x00000000eab00000, 0x00000000ebc80000, 0x0000000100000000)
  eden space 14336K, 100% used [0x00000000eab00000,0x00000000eb900000,0x00000000eb900000)
  from space 1024K, 76% used [0x00000000eba80000,0x00000000ebb43b60,0x00000000ebb80000)
  to   space 1024K, 0% used [0x00000000ebb80000,0x00000000ebb80000,0x00000000ebc80000)
 ParOldGen       total 68608K, used 41788K [0x00000000c0000000, 0x00000000c4300000, 0x00000000eab00000)
  object space 68608K, 60% used [0x00000000c0000000,0x00000000c28cf210,0x00000000c4300000)
 Metaspace       used 66625K, committed 67648K, reserved 1114112K
  class space    used 8101K, committed 8576K, reserved 1048576K
}
Event: 21.207 GC heap after
{Heap after GC invocations=47 (full 3):
 PSYoungGen      total 14336K, used 1004K [0x00000000eab00000, 0x00000000ec000000, 0x0000000100000000)
  eden space 13312K, 0% used [0x00000000eab00000,0x00000000eab00000,0x00000000eb800000)
  from space 1024K, 98% used [0x00000000ebb80000,0x00000000ebc7b008,0x00000000ebc80000)
  to   space 3584K, 0% used [0x00000000eb800000,0x00000000eb800000,0x00000000ebb80000)
 ParOldGen       total 68608K, used 43733K [0x00000000c0000000, 0x00000000c4300000, 0x00000000eab00000)
  object space 68608K, 63% used [0x00000000c0000000,0x00000000c2ab5538,0x00000000c4300000)
 Metaspace       used 66625K, committed 67648K, reserved 1114112K
  class space    used 8101K, committed 8576K, reserved 1048576K
}
Event: 21.301 GC heap before
{Heap before GC invocations=48 (full 3):
 PSYoungGen      total 14336K, used 14316K [0x00000000eab00000, 0x00000000ec000000, 0x0000000100000000)
  eden space 13312K, 100% used [0x00000000eab00000,0x00000000eb800000,0x00000000eb800000)
  from space 1024K, 98% used [0x00000000ebb80000,0x00000000ebc7b008,0x00000000ebc80000)
  to   space 3584K, 0% used [0x00000000eb800000,0x00000000eb800000,0x00000000ebb80000)
 ParOldGen       total 68608K, used 43733K [0x00000000c0000000, 0x00000000c4300000, 0x00000000eab00000)
  object space 68608K, 63% used [0x00000000c0000000,0x00000000c2ab5538,0x00000000c4300000)
 Metaspace       used 66641K, committed 67648K, reserved 1114112K
  class space    used 8101K, committed 8576K, reserved 1048576K
}
Event: 21.304 GC heap after
{Heap after GC invocations=48 (full 3):
 PSYoungGen      total 16384K, used 2680K [0x00000000eab00000, 0x00000000ebe00000, 0x0000000100000000)
  eden space 13312K, 0% used [0x00000000eab00000,0x00000000eab00000,0x00000000eb800000)
  from space 3072K, 87% used [0x00000000eb800000,0x00000000eba9e008,0x00000000ebb00000)
  to   space 3072K, 0% used [0x00000000ebb00000,0x00000000ebb00000,0x00000000ebe00000)
 ParOldGen       total 68608K, used 44581K [0x00000000c0000000, 0x00000000c4300000, 0x00000000eab00000)
  object space 68608K, 64% used [0x00000000c0000000,0x00000000c2b89538,0x00000000c4300000)
 Metaspace       used 66641K, committed 67648K, reserved 1114112K
  class space    used 8101K, committed 8576K, reserved 1048576K
}
Event: 21.403 GC heap before
{Heap before GC invocations=49 (full 3):
 PSYoungGen      total 16384K, used 15992K [0x00000000eab00000, 0x00000000ebe00000, 0x0000000100000000)
  eden space 13312K, 100% used [0x00000000eab00000,0x00000000eb800000,0x00000000eb800000)
  from space 3072K, 87% used [0x00000000eb800000,0x00000000eba9e008,0x00000000ebb00000)
  to   space 3072K, 0% used [0x00000000ebb00000,0x00000000ebb00000,0x00000000ebe00000)
 ParOldGen       total 68608K, used 44581K [0x00000000c0000000, 0x00000000c4300000, 0x00000000eab00000)
  object space 68608K, 64% used [0x00000000c0000000,0x00000000c2b89538,0x00000000c4300000)
 Metaspace       used 66645K, committed 67648K, reserved 1114112K
  class space    used 8101K, committed 8576K, reserved 1048576K
}
Event: 21.405 GC heap after
{Heap after GC invocations=49 (full 3):
 PSYoungGen      total 15360K, used 1920K [0x00000000eab00000, 0x00000000ebd00000, 0x0000000100000000)
  eden space 13312K, 0% used [0x00000000eab00000,0x00000000eab00000,0x00000000eb800000)
  from space 2048K, 93% used [0x00000000ebb00000,0x00000000ebce0000,0x00000000ebd00000)
  to   space 2560K, 0% used [0x00000000eb800000,0x00000000eb800000,0x00000000eba80000)
 ParOldGen       total 68608K, used 47173K [0x00000000c0000000, 0x00000000c4300000, 0x00000000eab00000)
  object space 68608K, 68% used [0x00000000c0000000,0x00000000c2e11770,0x00000000c4300000)
 Metaspace       used 66645K, committed 67648K, reserved 1114112K
  class space    used 8101K, committed 8576K, reserved 1048576K
}
Event: 21.500 GC heap before
{Heap before GC invocations=50 (full 3):
 PSYoungGen      total 15360K, used 15232K [0x00000000eab00000, 0x00000000ebd00000, 0x0000000100000000)
  eden space 13312K, 100% used [0x00000000eab00000,0x00000000eb800000,0x00000000eb800000)
  from space 2048K, 93% used [0x00000000ebb00000,0x00000000ebce0000,0x00000000ebd00000)
  to   space 2560K, 0% used [0x00000000eb800000,0x00000000eb800000,0x00000000eba80000)
 ParOldGen       total 68608K, used 47173K [0x00000000c0000000, 0x00000000c4300000, 0x00000000eab00000)
  object space 68608K, 68% used [0x00000000c0000000,0x00000000c2e11770,0x00000000c4300000)
 Metaspace       used 66654K, committed 67712K, reserved 1114112K
  class space    used 8101K, committed 8576K, reserved 1048576K
}
Event: 21.503 GC heap after
{Heap after GC invocations=50 (full 3):
 PSYoungGen      total 15360K, used 1984K [0x00000000eab00000, 0x00000000ebc00000, 0x0000000100000000)
  eden space 13312K, 0% used [0x00000000eab00000,0x00000000eab00000,0x00000000eb800000)
  from space 2048K, 96% used [0x00000000eb800000,0x00000000eb9f0000,0x00000000eba00000)
  to   space 2048K, 0% used [0x00000000eba00000,0x00000000eba00000,0x00000000ebc00000)
 ParOldGen       total 68608K, used 48973K [0x00000000c0000000, 0x00000000c4300000, 0x00000000eab00000)
  object space 68608K, 71% used [0x00000000c0000000,0x00000000c2fd3770,0x00000000c4300000)
 Metaspace       used 66654K, committed 67712K, reserved 1114112K
  class space    used 8101K, committed 8576K, reserved 1048576K
}
Event: 21.591 GC heap before
{Heap before GC invocations=51 (full 3):
 PSYoungGen      total 15360K, used 15296K [0x00000000eab00000, 0x00000000ebc00000, 0x0000000100000000)
  eden space 13312K, 100% used [0x00000000eab00000,0x00000000eb800000,0x00000000eb800000)
  from space 2048K, 96% used [0x00000000eb800000,0x00000000eb9f0000,0x00000000eba00000)
  to   space 2048K, 0% used [0x00000000eba00000,0x00000000eba00000,0x00000000ebc00000)
 ParOldGen       total 68608K, used 48973K [0x00000000c0000000, 0x00000000c4300000, 0x00000000eab00000)
  object space 68608K, 71% used [0x00000000c0000000,0x00000000c2fd3770,0x00000000c4300000)
 Metaspace       used 66658K, committed 67712K, reserved 1114112K
  class space    used 8101K, committed 8576K, reserved 1048576K
}
Event: 21.594 GC heap after
{Heap after GC invocations=51 (full 3):
 PSYoungGen      total 12800K, used 2032K [0x00000000eab00000, 0x00000000ec100000, 0x0000000100000000)
  eden space 10752K, 0% used [0x00000000eab00000,0x00000000eab00000,0x00000000eb580000)
  from space 2048K, 99% used [0x00000000eba00000,0x00000000ebbfc008,0x00000000ebc00000)
  to   space 4608K, 0% used [0x00000000eb580000,0x00000000eb580000,0x00000000eba00000)
 ParOldGen       total 68608K, used 50944K [0x00000000c0000000, 0x00000000c4300000, 0x00000000eab00000)
  object space 68608K, 74% used [0x00000000c0000000,0x00000000c31c0380,0x00000000c4300000)
 Metaspace       used 66658K, committed 67712K, reserved 1114112K
  class space    used 8101K, committed 8576K, reserved 1048576K
}
Event: 21.654 GC heap before
{Heap before GC invocations=52 (full 3):
 PSYoungGen      total 12800K, used 12784K [0x00000000eab00000, 0x00000000ec100000, 0x0000000100000000)
  eden space 10752K, 100% used [0x00000000eab00000,0x00000000eb580000,0x00000000eb580000)
  from space 2048K, 99% used [0x00000000eba00000,0x00000000ebbfc008,0x00000000ebc00000)
  to   space 4608K, 0% used [0x00000000eb580000,0x00000000eb580000,0x00000000eba00000)
 ParOldGen       total 68608K, used 50944K [0x00000000c0000000, 0x00000000c4300000, 0x00000000eab00000)
  object space 68608K, 74% used [0x00000000c0000000,0x00000000c31c0380,0x00000000c4300000)
 Metaspace       used 66658K, committed 67712K, reserved 1114112K
  class space    used 8101K, committed 8576K, reserved 1048576K
}
Event: 21.657 GC heap after
{Heap after GC invocations=52 (full 3):
 PSYoungGen      total 12800K, used 1632K [0x00000000eab00000, 0x00000000eba80000, 0x0000000100000000)
  eden space 10752K, 0% used [0x00000000eab00000,0x00000000eab00000,0x00000000eb580000)
  from space 2048K, 79% used [0x00000000eb580000,0x00000000eb718000,0x00000000eb780000)
  to   space 2560K, 0% used [0x00000000eb800000,0x00000000eb800000,0x00000000eba80000)
 ParOldGen       total 68608K, used 52896K [0x00000000c0000000, 0x00000000c4300000, 0x00000000eab00000)
  object space 68608K, 77% used [0x00000000c0000000,0x00000000c33a8388,0x00000000c4300000)
 Metaspace       used 66658K, committed 67712K, reserved 1114112K
  class space    used 8101K, committed 8576K, reserved 1048576K
}
Event: 21.725 GC heap before
{Heap before GC invocations=53 (full 3):
 PSYoungGen      total 12800K, used 12384K [0x00000000eab00000, 0x00000000eba80000, 0x0000000100000000)
  eden space 10752K, 100% used [0x00000000eab00000,0x00000000eb580000,0x00000000eb580000)
  from space 2048K, 79% used [0x00000000eb580000,0x00000000eb718000,0x00000000eb780000)
  to   space 2560K, 0% used [0x00000000eb800000,0x00000000eb800000,0x00000000eba80000)
 ParOldGen       total 68608K, used 52896K [0x00000000c0000000, 0x00000000c4300000, 0x00000000eab00000)
  object space 68608K, 77% used [0x00000000c0000000,0x00000000c33a8388,0x00000000c4300000)
 Metaspace       used 66664K, committed 67712K, reserved 1114112K
  class space    used 8101K, committed 8576K, reserved 1048576K
}
Event: 21.728 GC heap after
{Heap after GC invocations=53 (full 3):
 PSYoungGen      total 12800K, used 1654K [0x00000000eab00000, 0x00000000eba00000, 0x0000000100000000)
  eden space 10752K, 0% used [0x00000000eab00000,0x00000000eab00000,0x00000000eb580000)
  from space 2048K, 80% used [0x00000000eb800000,0x00000000eb99d810,0x00000000eba00000)
  to   space 2048K, 0% used [0x00000000eb580000,0x00000000eb580000,0x00000000eb780000)
 ParOldGen       total 68608K, used 54392K [0x00000000c0000000, 0x00000000c4300000, 0x00000000eab00000)
  object space 68608K, 79% used [0x00000000c0000000,0x00000000c351e388,0x00000000c4300000)
 Metaspace       used 66664K, committed 67712K, reserved 1114112K
  class space    used 8101K, committed 8576K, reserved 1048576K
}
Event: 21.793 GC heap before
{Heap before GC invocations=54 (full 3):
 PSYoungGen      total 12800K, used 12406K [0x00000000eab00000, 0x00000000eba00000, 0x0000000100000000)
  eden space 10752K, 100% used [0x00000000eab00000,0x00000000eb580000,0x00000000eb580000)
  from space 2048K, 80% used [0x00000000eb800000,0x00000000eb99d810,0x00000000eba00000)
  to   space 2048K, 0% used [0x00000000eb580000,0x00000000eb580000,0x00000000eb780000)
 ParOldGen       total 68608K, used 54392K [0x00000000c0000000, 0x00000000c4300000, 0x00000000eab00000)
  object space 68608K, 79% used [0x00000000c0000000,0x00000000c351e388,0x00000000c4300000)
 Metaspace       used 66666K, committed 67712K, reserved 1114112K
  class space    used 8101K, committed 8576K, reserved 1048576K
}
Event: 21.797 GC heap after
{Heap after GC invocations=54 (full 3):
 PSYoungGen      total 12800K, used 1632K [0x00000000eab00000, 0x00000000eb980000, 0x0000000100000000)
  eden space 10752K, 0% used [0x00000000eab00000,0x00000000eab00000,0x00000000eb580000)
  from space 2048K, 79% used [0x00000000eb580000,0x00000000eb718000,0x00000000eb780000)
  to   space 2048K, 0% used [0x00000000eb780000,0x00000000eb780000,0x00000000eb980000)
 ParOldGen       total 68608K, used 55918K [0x00000000c0000000, 0x00000000c4300000, 0x00000000eab00000)
  object space 68608K, 81% used [0x00000000c0000000,0x00000000c369bb98,0x00000000c4300000)
 Metaspace       used 66666K, committed 67712K, reserved 1114112K
  class space    used 8101K, committed 8576K, reserved 1048576K
}
Event: 21.885 GC heap before
{Heap before GC invocations=55 (full 3):
 PSYoungGen      total 12800K, used 12384K [0x00000000eab00000, 0x00000000eb980000, 0x0000000100000000)
  eden space 10752K, 100% used [0x00000000eab00000,0x00000000eb580000,0x00000000eb580000)
  from space 2048K, 79% used [0x00000000eb580000,0x00000000eb718000,0x00000000eb780000)
  to   space 2048K, 0% used [0x00000000eb780000,0x00000000eb780000,0x00000000eb980000)
 ParOldGen       total 68608K, used 55918K [0x00000000c0000000, 0x00000000c4300000, 0x00000000eab00000)
  object space 68608K, 81% used [0x00000000c0000000,0x00000000c369bb98,0x00000000c4300000)
 Metaspace       used 66666K, committed 67712K, reserved 1114112K
  class space    used 8101K, committed 8576K, reserved 1048576K
}
Event: 21.889 GC heap after
{Heap after GC invocations=55 (full 3):
 PSYoungGen      total 12800K, used 1632K [0x00000000eab00000, 0x00000000eb980000, 0x0000000100000000)
  eden space 10752K, 0% used [0x00000000eab00000,0x00000000eab00000,0x00000000eb580000)
  from space 2048K, 79% used [0x00000000eb780000,0x00000000eb918000,0x00000000eb980000)
  to   space 2048K, 0% used [0x00000000eb580000,0x00000000eb580000,0x00000000eb780000)
 ParOldGen       total 68608K, used 57390K [0x00000000c0000000, 0x00000000c4300000, 0x00000000eab00000)
  object space 68608K, 83% used [0x00000000c0000000,0x00000000c380bb98,0x00000000c4300000)
 Metaspace       used 66666K, committed 67712K, reserved 1114112K
  class space    used 8101K, committed 8576K, reserved 1048576K
}

Dll operation events (14 events):
Event: 0.011 Loaded shared library c:\Users\NaNaL\.vscode\extensions\redhat.java-1.31.0-win32-x64\jre\17.0.11-win32-x86_64\bin\java.dll
Event: 0.246 Loaded shared library c:\Users\NaNaL\.vscode\extensions\redhat.java-1.31.0-win32-x64\jre\17.0.11-win32-x86_64\bin\zip.dll
Event: 0.253 Loaded shared library C:\Users\NaNaL\.vscode\extensions\redhat.java-1.31.0-win32-x64\jre\17.0.11-win32-x86_64\bin\instrument.dll
Event: 0.272 Loaded shared library C:\Users\NaNaL\.vscode\extensions\redhat.java-1.31.0-win32-x64\jre\17.0.11-win32-x86_64\bin\net.dll
Event: 0.274 Loaded shared library C:\Users\NaNaL\.vscode\extensions\redhat.java-1.31.0-win32-x64\jre\17.0.11-win32-x86_64\bin\nio.dll
Event: 0.284 Loaded shared library C:\Users\NaNaL\.vscode\extensions\redhat.java-1.31.0-win32-x64\jre\17.0.11-win32-x86_64\bin\zip.dll
Event: 0.308 Loaded shared library C:\Users\NaNaL\.vscode\extensions\redhat.java-1.31.0-win32-x64\jre\17.0.11-win32-x86_64\bin\jimage.dll
Event: 0.425 Loaded shared library c:\Users\NaNaL\.vscode\extensions\redhat.java-1.31.0-win32-x64\jre\17.0.11-win32-x86_64\bin\verify.dll
Event: 1.711 Loaded shared library C:\Users\NaNaL\AppData\Roaming\Code\User\globalStorage\redhat.java\1.31.0\config_win\org.eclipse.equinox.launcher\org.eclipse.equinox.launcher.win32.win32.x86_64_1.2.1000.v20240507-1834\eclipse_11902.dll
Event: 4.290 Loaded shared library C:\Users\NaNaL\AppData\Local\Temp\jna-75002406\jna1026197628554682783.dll
Event: 13.155 Loaded shared library C:\Users\NaNaL\.gradle\native\c067742578af261105cb4f569cf0c3c89f3d7b1fecec35dd04571415982c5e48\windows-amd64\native-platform.dll
Event: 18.505 Loaded shared library C:\Users\NaNaL\.vscode\extensions\redhat.java-1.31.0-win32-x64\jre\17.0.11-win32-x86_64\bin\management.dll
Event: 18.507 Loaded shared library C:\Users\NaNaL\.vscode\extensions\redhat.java-1.31.0-win32-x64\jre\17.0.11-win32-x86_64\bin\management_ext.dll
Event: 20.880 Loaded shared library C:\Users\NaNaL\.vscode\extensions\redhat.java-1.31.0-win32-x64\jre\17.0.11-win32-x86_64\bin\extnet.dll

Deoptimization events (20 events):
Event: 21.385 Thread 0x00000272e33b30c0 Uncommon trap: trap_request=0xffffff6e fr.pc=0x00000272d285adc4 relative=0x0000000000002264
Event: 21.385 Thread 0x00000272e33b30c0 Uncommon trap: reason=loop_limit_check action=maybe_recompile pc=0x00000272d285adc4 method=org.eclipse.jdt.internal.compiler.util.HashtableOfObject.rehash()V @ 56 c2
Event: 21.385 Thread 0x00000272e33b30c0 DEOPT PACKING pc=0x00000272d285adc4 sp=0x0000008f59ffe7d0
Event: 21.385 Thread 0x00000272e33b30c0 DEOPT UNPACKING pc=0x00000272d1f066a3 sp=0x0000008f59ffe688 mode 2
Event: 21.583 Thread 0x00000272e33b30c0 DEOPT PACKING pc=0x00000272cb48ef63 sp=0x0000008f59ffe780
Event: 21.583 Thread 0x00000272e33b30c0 DEOPT UNPACKING pc=0x00000272d1f06e43 sp=0x0000008f59ffdcb8 mode 0
Event: 21.602 Thread 0x00000272e33b30c0 DEOPT PACKING pc=0x00000272cb48ef63 sp=0x0000008f59ffe780
Event: 21.602 Thread 0x00000272e33b30c0 DEOPT UNPACKING pc=0x00000272d1f06e43 sp=0x0000008f59ffdcb8 mode 0
Event: 21.620 Thread 0x00000272e33b30c0 DEOPT PACKING pc=0x00000272cb48ef63 sp=0x0000008f59ffe780
Event: 21.620 Thread 0x00000272e33b30c0 DEOPT UNPACKING pc=0x00000272d1f06e43 sp=0x0000008f59ffdcb8 mode 0
Event: 21.635 Thread 0x00000272e33b30c0 DEOPT PACKING pc=0x00000272cb48ef63 sp=0x0000008f59ffe780
Event: 21.635 Thread 0x00000272e33b30c0 DEOPT UNPACKING pc=0x00000272d1f06e43 sp=0x0000008f59ffdcb8 mode 0
Event: 21.659 Thread 0x00000272e33b30c0 DEOPT PACKING pc=0x00000272cb48ef63 sp=0x0000008f59ffe780
Event: 21.659 Thread 0x00000272e33b30c0 DEOPT UNPACKING pc=0x00000272d1f06e43 sp=0x0000008f59ffdcb8 mode 0
Event: 21.687 Thread 0x00000272e33b30c0 DEOPT PACKING pc=0x00000272cb48ef63 sp=0x0000008f59ffe780
Event: 21.687 Thread 0x00000272e33b30c0 DEOPT UNPACKING pc=0x00000272d1f06e43 sp=0x0000008f59ffdcb8 mode 0
Event: 21.711 Thread 0x00000272e33b30c0 DEOPT PACKING pc=0x00000272cb48ef63 sp=0x0000008f59ffe780
Event: 21.711 Thread 0x00000272e33b30c0 DEOPT UNPACKING pc=0x00000272d1f06e43 sp=0x0000008f59ffdcb8 mode 0
Event: 21.723 Thread 0x00000272e33b30c0 DEOPT PACKING pc=0x00000272cb48ef63 sp=0x0000008f59ffe780
Event: 21.723 Thread 0x00000272e33b30c0 DEOPT UNPACKING pc=0x00000272d1f06e43 sp=0x0000008f59ffdcb8 mode 0

Classes unloaded (13 events):
Event: 2.786 Thread 0x00000272c65c5a70 Unloading class 0x000000010024c400 'java/lang/invoke/LambdaForm$MH+0x000000010024c400'
Event: 2.786 Thread 0x00000272c65c5a70 Unloading class 0x000000010024c000 'java/lang/invoke/LambdaForm$MH+0x000000010024c000'
Event: 2.786 Thread 0x00000272c65c5a70 Unloading class 0x000000010024bc00 'java/lang/invoke/LambdaForm$MH+0x000000010024bc00'
Event: 2.786 Thread 0x00000272c65c5a70 Unloading class 0x000000010024b800 'java/lang/invoke/LambdaForm$MH+0x000000010024b800'
Event: 2.786 Thread 0x00000272c65c5a70 Unloading class 0x000000010024b400 'java/lang/invoke/LambdaForm$BMH+0x000000010024b400'
Event: 2.786 Thread 0x00000272c65c5a70 Unloading class 0x000000010024b000 'java/lang/invoke/LambdaForm$DMH+0x000000010024b000'
Event: 2.786 Thread 0x00000272c65c5a70 Unloading class 0x0000000100248400 'java/lang/invoke/LambdaForm$DMH+0x0000000100248400'
Event: 18.807 Thread 0x00000272c65c5a70 Unloading class 0x00000001003ab800 'java/lang/invoke/LambdaForm$MH+0x00000001003ab800'
Event: 18.807 Thread 0x00000272c65c5a70 Unloading class 0x00000001003ab000 'java/lang/invoke/LambdaForm$MH+0x00000001003ab000'
Event: 18.807 Thread 0x00000272c65c5a70 Unloading class 0x00000001003aa800 'java/lang/invoke/LambdaForm$MH+0x00000001003aa800'
Event: 18.807 Thread 0x00000272c65c5a70 Unloading class 0x00000001003aa000 'java/lang/invoke/LambdaForm$DMH+0x00000001003aa000'
Event: 18.807 Thread 0x00000272c65c5a70 Unloading class 0x00000001003a9400 'java/lang/invoke/LambdaForm$MH+0x00000001003a9400'
Event: 18.807 Thread 0x00000272c65c5a70 Unloading class 0x00000001003a8c00 'java/lang/invoke/LambdaForm$MH+0x00000001003a8c00'

Classes redefined (0 events):
No events

Internal exceptions (20 events):
Event: 18.903 Thread 0x00000272e33b4a10 Exception <a 'java/lang/NoSuchMethodError'{0x00000000eae3a148}: 'java.lang.Object java.lang.invoke.DirectMethodHandle$Holder.invokeStaticInit(java.lang.Object, int)'> (0x00000000eae3a148) 
thrown [s\src\hotspot\share\interpreter\linkResolver.cpp, line 759]
Event: 18.905 Thread 0x00000272e33b4a10 Exception <a 'sun/nio/fs/WindowsException'{0x00000000eae60cc0}> (0x00000000eae60cc0) 
thrown [s\src\hotspot\share\prims\jni.cpp, line 516]
Event: 18.924 Thread 0x00000272e33b4a10 Exception <a 'sun/nio/fs/WindowsException'{0x00000000eaf4e880}> (0x00000000eaf4e880) 
thrown [s\src\hotspot\share\prims\jni.cpp, line 516]
Event: 18.936 Thread 0x00000272e33b4a10 Exception <a 'java/lang/ClassNotFoundException'{0x00000000eb0362e0}: com/sun/org/apache/xerces/internal/impl/msg/spi/DOMMessagesProvider> (0x00000000eb0362e0) 
thrown [s\src\hotspot\share\classfile\systemDictionary.cpp, line 256]
Event: 18.937 Thread 0x00000272e33b4a10 Exception <a 'java/lang/ClassNotFoundException'{0x00000000eb05b2b0}: com/sun/org/apache/xerces/internal/impl/msg/spi/XMLSerializerMessagesProvider> (0x00000000eb05b2b0) 
thrown [s\src\hotspot\share\classfile\systemDictionary.cpp, line 256]
Event: 18.938 Thread 0x00000272e33b4a10 Exception <a 'java/lang/ClassNotFoundException'{0x00000000eb073a40}: com/sun/org/apache/xerces/internal/impl/msg/spi/XMLMessagesProvider> (0x00000000eb073a40) 
thrown [s\src\hotspot\share\classfile\systemDictionary.cpp, line 256]
Event: 19.173 Thread 0x00000272e33b4a10 Exception <a 'sun/nio/fs/WindowsException'{0x00000000eb640478}> (0x00000000eb640478) 
thrown [s\src\hotspot\share\prims\jni.cpp, line 516]
Event: 19.183 Thread 0x00000272e33b4a10 Exception <a 'sun/nio/fs/WindowsException'{0x00000000eb66daa0}> (0x00000000eb66daa0) 
thrown [s\src\hotspot\share\prims\jni.cpp, line 516]
Event: 20.434 Thread 0x00000272e33b3ff0 Exception <a 'java/io/FileNotFoundException'{0x00000000eb7fa320}> (0x00000000eb7fa320) 
thrown [s\src\hotspot\share\prims\jni.cpp, line 516]
Event: 20.445 Thread 0x00000272e33b3ff0 Exception <a 'java/io/FileNotFoundException'{0x00000000eac6d640}> (0x00000000eac6d640) 
thrown [s\src\hotspot\share\prims\jni.cpp, line 516]
Event: 20.445 Thread 0x00000272e33b3ff0 Exception <a 'java/io/FileNotFoundException'{0x00000000eac6ebc8}> (0x00000000eac6ebc8) 
thrown [s\src\hotspot\share\prims\jni.cpp, line 516]
Event: 20.446 Thread 0x00000272e33b3ff0 Exception <a 'java/lang/NoSuchMethodError'{0x00000000eacc1cb0}: 'java.lang.Object java.lang.invoke.DirectMethodHandle$Holder.newInvokeSpecial(java.lang.Object, java.lang.Object, java.lang.Object, int)'> (0x00000000eacc1cb0) 
thrown [s\src\hotspot\share\interpreter\linkResolver.cpp, line 759]
Event: 20.446 Thread 0x00000272e33b3ff0 Exception <a 'java/lang/NoSuchMethodError'{0x00000000eacc5db8}: 'java.lang.Object java.lang.invoke.DirectMethodHandle$Holder.invokeSpecial(java.lang.Object, java.lang.Object, java.lang.Object, java.lang.Object, int)'> (0x00000000eacc5db8) 
thrown [s\src\hotspot\share\interpreter\linkResolver.cpp, line 759]
Event: 20.446 Thread 0x00000272e33b3ff0 Exception <a 'java/lang/NoSuchMethodError'{0x00000000eacc9738}: 'java.lang.Object java.lang.invoke.Invokers$Holder.linkToTargetMethod(java.lang.Object, java.lang.Object, int, java.lang.Object)'> (0x00000000eacc9738) 
thrown [s\src\hotspot\share\interpreter\linkResolver.cpp, line 759]
Event: 20.450 Thread 0x00000272e33b3ff0 Exception <a 'java/io/FileNotFoundException'{0x00000000eadc2be0}> (0x00000000eadc2be0) 
thrown [s\src\hotspot\share\prims\jni.cpp, line 516]
Event: 20.482 Thread 0x00000272e33b3ff0 Exception <a 'java/io/FileNotFoundException'{0x00000000eb112ac8}> (0x00000000eb112ac8) 
thrown [s\src\hotspot\share\prims\jni.cpp, line 516]
Event: 20.488 Thread 0x00000272e33b3ff0 Exception <a 'java/io/FileNotFoundException'{0x00000000eb3b01b8}> (0x00000000eb3b01b8) 
thrown [s\src\hotspot\share\prims\jni.cpp, line 516]
Event: 20.489 Thread 0x00000272e33b3ff0 Exception <a 'java/io/FileNotFoundException'{0x00000000eb3b11f0}> (0x00000000eb3b11f0) 
thrown [s\src\hotspot\share\prims\jni.cpp, line 516]
Event: 20.489 Thread 0x00000272e33b3ff0 Exception <a 'java/io/FileNotFoundException'{0x00000000eb3b1f78}> (0x00000000eb3b1f78) 
thrown [s\src\hotspot\share\prims\jni.cpp, line 516]
Event: 20.986 Thread 0x00000272e33b30c0 Exception <a 'sun/nio/fs/WindowsException'{0x00000000eb263df8}> (0x00000000eb263df8) 
thrown [s\src\hotspot\share\prims\jni.cpp, line 516]

VM Operations (20 events):
Event: 21.051 Executing VM operation: ParallelGCFailedAllocation
Event: 21.053 Executing VM operation: ParallelGCFailedAllocation done
Event: 21.205 Executing VM operation: ParallelGCFailedAllocation
Event: 21.208 Executing VM operation: ParallelGCFailedAllocation done
Event: 21.301 Executing VM operation: ParallelGCFailedAllocation
Event: 21.304 Executing VM operation: ParallelGCFailedAllocation done
Event: 21.403 Executing VM operation: ParallelGCFailedAllocation
Event: 21.405 Executing VM operation: ParallelGCFailedAllocation done
Event: 21.500 Executing VM operation: ParallelGCFailedAllocation
Event: 21.503 Executing VM operation: ParallelGCFailedAllocation done
Event: 21.591 Executing VM operation: ParallelGCFailedAllocation
Event: 21.594 Executing VM operation: ParallelGCFailedAllocation done
Event: 21.654 Executing VM operation: ParallelGCFailedAllocation
Event: 21.657 Executing VM operation: ParallelGCFailedAllocation done
Event: 21.725 Executing VM operation: ParallelGCFailedAllocation
Event: 21.728 Executing VM operation: ParallelGCFailedAllocation done
Event: 21.793 Executing VM operation: ParallelGCFailedAllocation
Event: 21.797 Executing VM operation: ParallelGCFailedAllocation done
Event: 21.885 Executing VM operation: ParallelGCFailedAllocation
Event: 21.889 Executing VM operation: ParallelGCFailedAllocation done

Events (20 events):
Event: 20.883 loading class sun/nio/ch/OptionKey
Event: 20.883 loading class sun/nio/ch/OptionKey done
Event: 20.883 loading class sun/nio/ch/ExtendedSocketOption
Event: 20.883 loading class sun/nio/ch/ExtendedSocketOption done
Event: 20.883 loading class sun/nio/ch/ExtendedSocketOption$1
Event: 20.883 loading class sun/nio/ch/ExtendedSocketOption$1 done
Event: 20.956 loading class java/io/UTFDataFormatException
Event: 20.956 loading class java/io/UTFDataFormatException done
Event: 20.992 Thread 0x00000272e4e81aa0 Thread added: 0x00000272e4e81aa0
Event: 20.995 loading class java/lang/ProcessBuilder$NullInputStream
Event: 20.995 loading class java/lang/ProcessBuilder$NullInputStream done
Event: 20.996 Thread 0x00000272e4e84320 Thread added: 0x00000272e4e84320
Event: 20.996 Thread 0x00000272e4e829d0 Thread added: 0x00000272e4e829d0
Event: 20.996 loading class java/util/Scanner
Event: 20.996 Thread 0x00000272e4e84320 Thread exited: 0x00000272e4e84320
Event: 20.997 loading class java/util/Scanner done
Event: 20.998 loading class java/util/Scanner$PatternLRUCache
Event: 20.998 loading class java/util/Scanner$PatternLRUCache done
Event: 21.078 Thread 0x00000272e17bfe80 Thread added: 0x00000272e17bfe80
Event: 21.079 Thread 0x00000272e17c0920 Thread added: 0x00000272e17c0920


Dynamic libraries:
0x00007ff715050000 - 0x00007ff71505e000 	c:\Users\NaNaL\.vscode\extensions\redhat.java-1.31.0-win32-x64\jre\17.0.11-win32-x86_64\bin\java.exe
0x00007ffc810f0000 - 0x00007ffc812e8000 	C:\WINDOWS\SYSTEM32\ntdll.dll
0x00007ffc80dd0000 - 0x00007ffc80e8d000 	C:\WINDOWS\System32\KERNEL32.DLL
0x00007ffc7ea40000 - 0x00007ffc7ed36000 	C:\WINDOWS\System32\KERNELBASE.dll
0x00007ffc7ed40000 - 0x00007ffc7ee40000 	C:\WINDOWS\System32\ucrtbase.dll
0x00007ffc7a140000 - 0x00007ffc7a157000 	c:\Users\NaNaL\.vscode\extensions\redhat.java-1.31.0-win32-x64\jre\17.0.11-win32-x86_64\bin\jli.dll
0x00007ffc7a160000 - 0x00007ffc7a17b000 	c:\Users\NaNaL\.vscode\extensions\redhat.java-1.31.0-win32-x64\jre\17.0.11-win32-x86_64\bin\VCRUNTIME140.dll
0x00007ffc7fe80000 - 0x00007ffc8001f000 	C:\WINDOWS\System32\USER32.dll
0x00007ffc624d0000 - 0x00007ffc6276a000 	C:\WINDOWS\WinSxS\amd64_microsoft.windows.common-controls_6595b64144ccf1df_6.0.19041.4355_none_60b8b9eb71f62e16\COMCTL32.dll
0x00007ffc7ef60000 - 0x00007ffc7ef82000 	C:\WINDOWS\System32\win32u.dll
0x00007ffc80cd0000 - 0x00007ffc80d6e000 	C:\WINDOWS\System32\msvcrt.dll
0x00007ffc7f130000 - 0x00007ffc7f15b000 	C:\WINDOWS\System32\GDI32.dll
0x00007ffc7ee40000 - 0x00007ffc7ef57000 	C:\WINDOWS\System32\gdi32full.dll
0x00007ffc7efe0000 - 0x00007ffc7f07d000 	C:\WINDOWS\System32\msvcp_win.dll
0x00007ffc7fe50000 - 0x00007ffc7fe7f000 	C:\WINDOWS\System32\IMM32.DLL
0x00007ffc7a130000 - 0x00007ffc7a13c000 	c:\Users\NaNaL\.vscode\extensions\redhat.java-1.31.0-win32-x64\jre\17.0.11-win32-x86_64\bin\vcruntime140_1.dll
0x00007ffc0de80000 - 0x00007ffc0df0d000 	c:\Users\NaNaL\.vscode\extensions\redhat.java-1.31.0-win32-x64\jre\17.0.11-win32-x86_64\bin\msvcp140.dll
0x00007ffb99390000 - 0x00007ffb99ff2000 	c:\Users\NaNaL\.vscode\extensions\redhat.java-1.31.0-win32-x64\jre\17.0.11-win32-x86_64\bin\server\jvm.dll
0x00007ffc7f1f0000 - 0x00007ffc7f2a0000 	C:\WINDOWS\System32\ADVAPI32.dll
0x00007ffc80ef0000 - 0x00007ffc80f90000 	C:\WINDOWS\System32\sechost.dll
0x00007ffc7f2a0000 - 0x00007ffc7f3c3000 	C:\WINDOWS\System32\RPCRT4.dll
0x00007ffc7e820000 - 0x00007ffc7e847000 	C:\WINDOWS\System32\bcrypt.dll
0x00007ffc725f0000 - 0x00007ffc725f9000 	C:\WINDOWS\SYSTEM32\WSOCK32.dll
0x00007ffc7dcf0000 - 0x00007ffc7dd3b000 	C:\WINDOWS\SYSTEM32\POWRPROF.dll
0x00007ffc71950000 - 0x00007ffc71977000 	C:\WINDOWS\SYSTEM32\WINMM.dll
0x00007ffc81040000 - 0x00007ffc810ab000 	C:\WINDOWS\System32\WS2_32.dll
0x00007ffc77670000 - 0x00007ffc7767a000 	C:\WINDOWS\SYSTEM32\VERSION.dll
0x00007ffc7db60000 - 0x00007ffc7db72000 	C:\WINDOWS\SYSTEM32\UMPDC.dll
0x00007ffc7cfd0000 - 0x00007ffc7cfe2000 	C:\WINDOWS\SYSTEM32\kernel.appcore.dll
0x00007ffc77ce0000 - 0x00007ffc77cea000 	c:\Users\NaNaL\.vscode\extensions\redhat.java-1.31.0-win32-x64\jre\17.0.11-win32-x86_64\bin\jimage.dll
0x00007ffc7cd60000 - 0x00007ffc7cf44000 	C:\WINDOWS\SYSTEM32\DBGHELP.DLL
0x00007ffc68f20000 - 0x00007ffc68f54000 	C:\WINDOWS\SYSTEM32\dbgcore.DLL
0x00007ffc7e9b0000 - 0x00007ffc7ea32000 	C:\WINDOWS\System32\bcryptPrimitives.dll
0x00007ffc77cd0000 - 0x00007ffc77cde000 	c:\Users\NaNaL\.vscode\extensions\redhat.java-1.31.0-win32-x64\jre\17.0.11-win32-x86_64\bin\instrument.dll
0x00007ffc54660000 - 0x00007ffc54685000 	c:\Users\NaNaL\.vscode\extensions\redhat.java-1.31.0-win32-x64\jre\17.0.11-win32-x86_64\bin\java.dll
0x00007ffc55640000 - 0x00007ffc55658000 	c:\Users\NaNaL\.vscode\extensions\redhat.java-1.31.0-win32-x64\jre\17.0.11-win32-x86_64\bin\zip.dll
0x00007ffc7f670000 - 0x00007ffc7fddc000 	C:\WINDOWS\System32\SHELL32.dll
0x00007ffc7c5c0000 - 0x00007ffc7cd5d000 	C:\WINDOWS\SYSTEM32\windows.storage.dll
0x00007ffc80030000 - 0x00007ffc80383000 	C:\WINDOWS\System32\combase.dll
0x00007ffc7e1d0000 - 0x00007ffc7e1fe000 	C:\WINDOWS\SYSTEM32\Wldp.dll
0x00007ffc7f480000 - 0x00007ffc7f54d000 	C:\WINDOWS\System32\OLEAUT32.dll
0x00007ffc7f3d0000 - 0x00007ffc7f47d000 	C:\WINDOWS\System32\SHCORE.dll
0x00007ffc80d70000 - 0x00007ffc80dc5000 	C:\WINDOWS\System32\shlwapi.dll
0x00007ffc7e6e0000 - 0x00007ffc7e704000 	C:\WINDOWS\SYSTEM32\profapi.dll
0x00007ffc52ba0000 - 0x00007ffc52bb9000 	C:\Users\NaNaL\.vscode\extensions\redhat.java-1.31.0-win32-x64\jre\17.0.11-win32-x86_64\bin\net.dll
0x00007ffc76e20000 - 0x00007ffc76f2a000 	C:\WINDOWS\SYSTEM32\WINHTTP.dll
0x00007ffc7dee0000 - 0x00007ffc7df4a000 	C:\WINDOWS\system32\mswsock.dll
0x00007ffc51480000 - 0x00007ffc51496000 	C:\Users\NaNaL\.vscode\extensions\redhat.java-1.31.0-win32-x64\jre\17.0.11-win32-x86_64\bin\nio.dll
0x00007ffc600d0000 - 0x00007ffc600e0000 	c:\Users\NaNaL\.vscode\extensions\redhat.java-1.31.0-win32-x64\jre\17.0.11-win32-x86_64\bin\verify.dll
0x00007ffc4c160000 - 0x00007ffc4c1a4000 	C:\Users\NaNaL\AppData\Roaming\Code\User\globalStorage\redhat.java\1.31.0\config_win\org.eclipse.equinox.launcher\org.eclipse.equinox.launcher.win32.win32.x86_64_1.2.1000.v20240507-1834\eclipse_11902.dll
0x00007ffc804a0000 - 0x00007ffc805cb000 	C:\WINDOWS\System32\ole32.dll
0x00007ffc7e0a0000 - 0x00007ffc7e0b8000 	C:\WINDOWS\SYSTEM32\CRYPTSP.dll
0x00007ffc7d730000 - 0x00007ffc7d764000 	C:\WINDOWS\system32\rsaenh.dll
0x00007ffc7e690000 - 0x00007ffc7e6be000 	C:\WINDOWS\SYSTEM32\USERENV.dll
0x00007ffc7e090000 - 0x00007ffc7e09c000 	C:\WINDOWS\SYSTEM32\CRYPTBASE.dll
0x00007ffc7db80000 - 0x00007ffc7dbbb000 	C:\WINDOWS\SYSTEM32\IPHLPAPI.DLL
0x00007ffc80020000 - 0x00007ffc80028000 	C:\WINDOWS\System32\NSI.dll
0x00007ffc77ca0000 - 0x00007ffc77cb7000 	C:\WINDOWS\SYSTEM32\dhcpcsvc6.DLL
0x00007ffc77c80000 - 0x00007ffc77c9d000 	C:\WINDOWS\SYSTEM32\dhcpcsvc.DLL
0x00007ffc7dbd0000 - 0x00007ffc7dc9a000 	C:\WINDOWS\SYSTEM32\DNSAPI.dll
0x00007ffc50e70000 - 0x00007ffc50eb5000 	C:\Users\NaNaL\AppData\Local\Temp\jna-75002406\jna1026197628554682783.dll
0x00007ffc7f160000 - 0x00007ffc7f168000 	C:\WINDOWS\System32\PSAPI.DLL
0x00007ffc527b0000 - 0x00007ffc527d7000 	C:\Users\NaNaL\.gradle\native\c067742578af261105cb4f569cf0c3c89f3d7b1fecec35dd04571415982c5e48\windows-amd64\native-platform.dll
0x00007ffc58a30000 - 0x00007ffc58a39000 	C:\Users\NaNaL\.vscode\extensions\redhat.java-1.31.0-win32-x64\jre\17.0.11-win32-x86_64\bin\management.dll
0x00007ffc56bb0000 - 0x00007ffc56bbb000 	C:\Users\NaNaL\.vscode\extensions\redhat.java-1.31.0-win32-x64\jre\17.0.11-win32-x86_64\bin\management_ext.dll
0x00007ffc56190000 - 0x00007ffc56199000 	C:\Users\NaNaL\.vscode\extensions\redhat.java-1.31.0-win32-x64\jre\17.0.11-win32-x86_64\bin\extnet.dll

dbghelp: loaded successfully - version: 4.0.5 - missing functions: none
symbol engine: initialized successfully - sym options: 0x614 - pdb path: .;c:\Users\NaNaL\.vscode\extensions\redhat.java-1.31.0-win32-x64\jre\17.0.11-win32-x86_64\bin;C:\WINDOWS\SYSTEM32;C:\WINDOWS\WinSxS\amd64_microsoft.windows.common-controls_6595b64144ccf1df_6.0.19041.4355_none_60b8b9eb71f62e16;c:\Users\NaNaL\.vscode\extensions\redhat.java-1.31.0-win32-x64\jre\17.0.11-win32-x86_64\bin\server;C:\Users\NaNaL\AppData\Roaming\Code\User\globalStorage\redhat.java\1.31.0\config_win\org.eclipse.equinox.launcher\org.eclipse.equinox.launcher.win32.win32.x86_64_1.2.1000.v20240507-1834;C:\Users\NaNaL\AppData\Local\Temp\jna-75002406;C:\Users\NaNaL\.gradle\native\c067742578af261105cb4f569cf0c3c89f3d7b1fecec35dd04571415982c5e48\windows-amd64

VM Arguments:
jvm_args: --add-modules=ALL-SYSTEM --add-opens=java.base/java.util=ALL-UNNAMED --add-opens=java.base/java.lang=ALL-UNNAMED --add-opens=java.base/sun.nio.fs=ALL-UNNAMED -Declipse.application=org.eclipse.jdt.ls.core.id1 -Dosgi.bundles.defaultStartLevel=4 -Declipse.product=org.eclipse.jdt.ls.core.product -Djava.import.generatesMetadataFilesAtProjectRoot=false -DDetectVMInstallationsJob.disabled=true -Dfile.encoding=utf8 -XX:+UseParallelGC -XX:GCTimeRatio=4 -XX:AdaptiveSizePolicyWeight=90 -Dsun.zip.disableMemoryMapping=true -Xmx1G -Xms100m -Xlog:disable -javaagent:c:\Users\NaNaL\.vscode\extensions\redhat.java-1.31.0-win32-x64\lombok\lombok-1.18.32.jar -XX:+HeapDumpOnOutOfMemoryError -XX:HeapDumpPath=c:\Users\NaNaL\AppData\Roaming\Code\User\workspaceStorage\bda62982e6316af875a027c8b09df3ad\redhat.java -Daether.dependencyCollector.impl=bf 
java_command: c:\Users\NaNaL\.vscode\extensions\redhat.java-1.31.0-win32-x64\server\plugins\org.eclipse.equinox.launcher_1.6.800.v20240513-1750.jar -configuration c:\Users\NaNaL\AppData\Roaming\Code\User\globalStorage\redhat.java\1.31.0\config_win -data c:\Users\NaNaL\AppData\Roaming\Code\User\workspaceStorage\bda62982e6316af875a027c8b09df3ad\redhat.java\jdt_ws --pipe=\\.\pipe\lsp-93e442d328a863e916f67bb08aa76cb7-sock
java_class_path (initial): c:\Users\NaNaL\.vscode\extensions\redhat.java-1.31.0-win32-x64\server\plugins\org.eclipse.equinox.launcher_1.6.800.v20240513-1750.jar
Launcher Type: SUN_STANDARD

[Global flags]
    uintx AdaptiveSizePolicyWeight                 = 90                                        {product} {command line}
     intx CICompilerCount                          = 4                                         {product} {ergonomic}
    uintx GCTimeRatio                              = 4                                         {product} {command line}
     bool HeapDumpOnOutOfMemoryError               = true                                   {manageable} {command line}
    ccstr HeapDumpPath                             = c:\Users\NaNaL\AppData\Roaming\Code\User\workspaceStorage\bda62982e6316af875a027c8b09df3ad\redhat.java         {manageable} {command line}
   size_t InitialHeapSize                          = 104857600                                 {product} {command line}
   size_t MaxHeapSize                              = 1073741824                                {product} {command line}
   size_t MaxNewSize                               = 357564416                                 {product} {ergonomic}
   size_t MinHeapDeltaBytes                        = 524288                                    {product} {ergonomic}
   size_t MinHeapSize                              = 104857600                                 {product} {command line}
   size_t NewSize                                  = 34603008                                  {product} {ergonomic}
    uintx NonNMethodCodeHeapSize                   = 5839372                                {pd product} {ergonomic}
    uintx NonProfiledCodeHeapSize                  = 122909434                              {pd product} {ergonomic}
   size_t OldSize                                  = 70254592                                  {product} {ergonomic}
    uintx ProfiledCodeHeapSize                     = 122909434                              {pd product} {ergonomic}
    uintx ReservedCodeCacheSize                    = 251658240                              {pd product} {ergonomic}
     bool SegmentedCodeCache                       = true                                      {product} {ergonomic}
   size_t SoftMaxHeapSize                          = 1073741824                             {manageable} {ergonomic}
     bool UseCompressedClassPointers               = true                           {product lp64_product} {ergonomic}
     bool UseCompressedOops                        = true                           {product lp64_product} {ergonomic}
     bool UseLargePagesIndividualAllocation        = false                                  {pd product} {ergonomic}
     bool UseParallelGC                            = true                                      {product} {command line}

Logging:
Log output configuration:
 #0: stdout all=off uptime,level,tags
 #1: stderr all=off uptime,level,tags

Environment Variables:
JAVA_HOME=C:\Program Files\Java\jre1.8.0_202
PATH=C:\Program Files\Common Files\Oracle\Java\javapath;C:\Program Files (x86)\Common Files\Oracle\Java\javapath;C:\WINDOWS\system32;C:\WINDOWS;C:\WINDOWS\System32\Wbem;C:\WINDOWS\System32\WindowsPowerShell\v1.0\;C:\WINDOWS\System32\OpenSSH\;C:\Program Files (x86)\NVIDIA Corporation\PhysX\Common;C:\Program Files\NVIDIA Corporation\NVIDIA NvDLISR;C:\Program Files\nodejs\;C:\Program Files\Microsoft SQL Server\Client SDK\ODBC\170\Tools\Binn\;C:\Program Files\dotnet\;C:\Program Files\Git\cmd;C:\Program Files\Java\jdk-19\bin;C:\Program Files\Maven\apache-maven-3.8.6\bin;C:\Program Files\AutoFirma\AutoFirma;C:\Program Files\Git LFS;D:\Docker\Docker\resources\bin;C:\Users\NaNaL\AppData\Local\Programs\Python\Python311\python;C:\Users\NaNaL\AppData\Local\Programs\Python\Python311\Scripts\;C:\Users\NaNaL\AppData\Local\Microsoft\WindowsApps;C:\Users\NaNaL\AppData\Roaming\npm;C:\Users\NaNaL\AppData\Local\Programs\Microsoft VS Code\bin;C:\Users\NaNaL\AppData\Local\Programs\Python\Python38\;C:\Users\NaNaL\AppData\Local\Programs\Python\Python38\Scripts\;C:\Users\NaNaL\.dotnet\tools;C:\Users\NaNaL\AppData\Local\GitHubDesktop\bin;C:\Program Files\Java\jdk-19\bin;D:\uni\Cos\kubectl;C:\Program Files\Kubernetes\Minikube\minikube;D:\uni\SAD\kumori\kumorictl;D:\Program Files\Gradle\gradle-7.6\bin;C:\WINDOWS\system32\;C:\users\nanal\appdata\local\programs\python\python311\lib\site-packages;
USERNAME=NaNaL
OS=Windows_NT
PROCESSOR_IDENTIFIER=Intel64 Family 6 Model 158 Stepping 10, GenuineIntel
TMP=C:\Users\NaNaL\AppData\Local\Temp
TEMP=C:\Users\NaNaL\AppData\Local\Temp



Periodic native trim disabled


---------------  S Y S T E M  ---------------

OS:
 Windows 10 , 64 bit Build 19041 (10.0.19041.3636)
OS uptime: 0 days 22:20 hours
Hyper-V role detected

CPU: total 8 (initial active 8) (4 cores per cpu, 2 threads per core) family 6 model 158 stepping 10 microcode 0xf0, cx8, cmov, fxsr, ht, mmx, 3dnowpref, sse, sse2, sse3, ssse3, sse4.1, sse4.2, popcnt, lzcnt, tsc, tscinvbit, avx, avx2, aes, erms, clmul, bmi1, bmi2, adx, fma, vzeroupper, clflush, clflushopt, hv
Processor Information for all 8 processors :
  Max Mhz: 2304, Current Mhz: 2304, Mhz Limit: 2304

Memory: 4k page, system-wide physical 24385M (2448M free)
TotalPageFile size 39571M (AvailPageFile size 9M)
current process WorkingSet (physical memory assigned to process): 274M, peak: 279M
current process commit charge ("private bytes"): 334M, peak: 341M

vm_info: OpenJDK 64-Bit Server VM (17.0.11+9) for windows-amd64 JRE (17.0.11+9), built on Apr 17 2024 06:07:48 by "admin" with MS VC++ 16.10 / 16.11 (VS2019)

END.
